#
# A fatal error has been detected by the Java Runtime Environment:
#
#  EXCEPTION_ACCESS_VIOLATION (0xc0000005) at pc=0x00000190c037aa04, pid=6584, tid=5180
#
# JRE version: Java(TM) SE Runtime Environment (17.0.2+8) (build 17.0.2+8-LTS-86)
# Java VM: Java HotSpot(TM) 64-Bit Server VM (17.0.2+8-LTS-86, mixed mode, sharing, tiered, compressed oops, compressed class ptrs, g1 gc, windows-amd64)
# Problematic frame:
# J 12946 c1 com.android.aapt.Resources$Reference.writeTo(Lcom/google/protobuf/CodedOutputStream;)V (132 bytes) @ 0x00000190c037aa04 [0x00000190c037a780+0x0000000000000284]
#
# No core dump will be written. Minidumps are not enabled by default on client versions of Windows
#
# If you would like to submit a bug report, please visit:
#   https://bugreport.java.com/bugreport/crash.jsp
#

---------------  S U M M A R Y ------------

Command Line: --add-opens=java.base/java.util=ALL-UNNAMED --add-opens=java.base/java.lang=ALL-UNNAMED --add-opens=java.base/java.lang.invoke=ALL-UNNAMED --add-opens=java.base/java.util=ALL-UNNAMED --add-opens=java.prefs/java.util.prefs=ALL-UNNAMED --add-opens=java.prefs/java.util.prefs=ALL-UNNAMED --add-opens=java.base/java.nio.charset=ALL-UNNAMED --add-opens=java.base/java.net=ALL-UNNAMED --add-opens=java.base/java.util.concurrent.atomic=ALL-UNNAMED -Xmx2048m -Dfile.encoding=UTF-8 -Duser.country=US -Duser.language=en -Duser.variant org.gradle.launcher.daemon.bootstrap.GradleDaemon 7.2

Host: Intel(R) Core(TM)2 Duo CPU     P8700  @ 2.53GHz, 2 cores, 3G,  Windows 10 , 64 bit Build 19041 (10.0.19041.1202)
Time: Thu Apr  7 17:13:19 2022 W. Central Africa Standard Time elapsed time: 125.325086 seconds (0d 0h 2m 5s)

---------------  T H R E A D  ---------------

Current thread (0x00000190d670b8d0):  JavaThread "WorkerExecutor Queue" [_thread_in_Java, id=5180, stack(0x0000000ce8e00000,0x0000000ce8f00000)]

Stack: [0x0000000ce8e00000,0x0000000ce8f00000],  sp=0x0000000ce8efcf00,  free space=1011k
Native frames: (J=compiled Java code, j=interpreted, Vv=VM code, C=native code)
C  0x00000190c037aa04


siginfo: EXCEPTION_ACCESS_VIOLATION (0xc0000005), reading address 0x000000081125fcb8


Register to memory mapping:

RIP=0x00000190c037aa04 is at entry_point+644 in (nmethod*)0x00000190c037a510
RAX=0x000000081125fc80 is an unknown value
RBX={method} {0x00000190df8db678} 'writeTo' '(Lcom/google/protobuf/CodedOutputStream;)V' in 'com/android/aapt/Resources$Reference'
RCX=0x000000000000001d is an unknown value
RDX=0x000000008a886c18 is an oop: com.android.aapt.Resources$Reference 
{0x000000008a886c18} - klass: 'com/android/aapt/Resources$Reference'
 - ---- fields (total size 6 words):
 - protected 'memoizedHashCode' 'I' @12  0
 - protected 'memoizedSize' 'I' @16  41 (29)
 - protected 'unknownFields' 'Lcom/google/protobuf/UnknownFieldSet;' @20  a 'com/google/protobuf/UnknownFieldSet'{0x0000000081c333c8} (81c333c8)
 - private 'type_' 'I' @24  0
 - private 'id_' 'I' @28  0
 - private 'typeFlags_' 'I' @32  0
 - private 'private_' 'Z' @36  false
 - private 'allowRaw_' 'Z' @37  true
 - private 'memoizedIsInitialized' 'B' @38  1
 - private volatile 'name_' 'Ljava/lang/Object;' @40  
[error occurred during error reporting (printing register info), id 0xc0000005, EXCEPTION_ACCESS_VIOLATION (0xc0000005) at pc=0x00007ffed87cd333]

Registers:
RAX=0x000000081125fc80, RBX=0x00000190df8db670, RCX=0x000000000000001d, RDX=0x000000008a886c18
RSP=0x0000000ce8efcf00, RBP=0x0000000ce8efd3f0, RSI=0x0000000089efcb00, RDI=0x000000080125f690
R8 =0x000000081125fc80, R9 =0x0000000000000000, R10=0x0000000800000000, R11=0x00000000000003c0
R12=0x0000000000000000, R13=0x0000000ce8efd390, R14=0x0000000000000000, R15=0x00000190d670b8d0
RIP=0x00000190c037aa04, EFLAGS=0x0000000000010202

Top of Stack: (sp=0x0000000ce8efcf00)
0x0000000ce8efcf00:   0000000ce8efcfb8 00000190c02292ac
0x0000000ce8efcf10:   0000000ce8efd3f0 00000190bfc72f94
0x0000000ce8efcf20:   00000190df9c6160 0000000089e384c8
0x0000000ce8efcf30:   0000000000000fa6 0000000080423de0
0x0000000ce8efcf40:   0000000ce8efd3f0 00000190c0370854
0x0000000ce8efcf50:   000000008a886c18 00000190be7394de
0x0000000ce8efcf60:   0000000ce8efd3f0 00000190c03698cc
0x0000000ce8efcf70:   0000000000000fc8 00000190df926068
0x0000000ce8efcf80:   0000000ce8efd3f0 00000190c03719ac
0x0000000ce8efcf90:   000000008a886908 0000000089e384c8
0x0000000ce8efcfa0:   0000000ce8efd3f0 000000008a886c18
0x0000000ce8efcfb0:   0000000089e384c8 0000000089e384c8
0x0000000ce8efcfc0:   0000000000000fcd 0000000089e384c8
0x0000000ce8efcfd0:   0000000ce8efd3f0 00000190c036b2dc
0x0000000ce8efcfe0:   0000000089e384c8 0000000080423de0
0x0000000ce8efcff0:   0000000089e384c8 0000000189efcab8 

Instructions: (pc=0x00000190c037aa04)
0x00000190c037a904:   08 01 00 00 48 c7 00 01 00 00 00 48 8b ca 49 ba
0x00000190c037a914:   00 00 00 00 08 00 00 00 49 2b ca 89 48 08 48 33
0x00000190c037a924:   c9 89 48 0c 48 33 c9 48 89 48 10 48 89 84 24 b8
0x00000190c037a934:   00 00 00 41 0f be 50 10 45 8b 48 14 c1 e2 18 4c
0x00000190c037a944:   8b c2 41 c1 f8 18 48 ba 70 06 05 80 00 00 00 00
0x00000190c037a954:   66 66 90 e8 24 2a 40 fe 48 8b 9c 24 b8 00 00 00
0x00000190c037a964:   c7 43 0c 00 00 00 00 48 83 f8 00 0f 84 fd 02 00
0x00000190c037a974:   00 48 8b 94 24 a8 00 00 00 45 0f be 47 38 41 83
0x00000190c037a984:   f8 00 0f 85 ab 03 00 00 4c 8b d0 44 89 53 10 4c
0x00000190c037a994:   8b c3 4c 33 c0 49 c1 e8 14 49 83 f8 00 0f 85 ac
0x00000190c037a9a4:   03 00 00 45 0f be 47 38 41 83 f8 00 0f 85 b5 03
0x00000190c037a9b4:   00 00 4c 8b d3 44 89 52 28 f0 83 44 24 c0 00 4c
0x00000190c037a9c4:   8b c2 4c 33 c3 49 c1 e8 14 49 83 f8 00 0f 85 b0
0x00000190c037a9d4:   03 00 00 48 8b c3 e9 3a 00 00 00 48 83 fe 00 0f
0x00000190c037a9e4:   84 2a 00 00 00 48 bf 90 f6 25 01 08 00 00 00 44
0x00000190c037a9f4:   8b 46 08 49 ba 00 00 00 00 08 00 00 00 4d 03 c2
0x00000190c037aa04:   49 3b 78 38 0f 85 91 03 00 00 e9 00 00 00 00 4c
0x00000190c037aa14:   8b c6 49 8b c0 44 8b 40 10 45 8b 40 0c 41 83 f8
0x00000190c037aa24:   00 41 b8 00 00 00 00 0f 85 06 00 00 00 41 b8 01
0x00000190c037aa34:   00 00 00 41 83 e0 01 41 83 f8 00 0f 85 07 01 00
0x00000190c037aa44:   00 8b 72 28 48 83 fe 00 0f 84 29 00 00 00 48 bb
0x00000190c037aa54:   70 e9 00 00 08 00 00 00 44 8b 4e 08 49 ba 00 00
0x00000190c037aa64:   00 00 08 00 00 00 4d 03 ca 49 3b d9 0f 85 05 00
0x00000190c037aa74:   00 00 e9 05 00 00 00 4d 33 c0 eb 0a 49 b8 01 00
0x00000190c037aa84:   00 00 00 00 00 00 41 83 f8 00 0f 84 5d 00 00 00
0x00000190c037aa94:   48 83 fe 00 0f 84 29 00 00 00 48 bf 70 e9 00 00
0x00000190c037aaa4:   08 00 00 00 44 8b 46 08 49 ba 00 00 00 00 08 00
0x00000190c037aab4:   00 00 4d 03 c2 49 3b f8 0f 85 f0 02 00 00 e9 00
0x00000190c037aac4:   00 00 00 4c 8b ce 41 b8 03 00 00 00 48 8b 94 24
0x00000190c037aad4:   b0 00 00 00 0f 1f 44 00 00 48 b8 ff ff ff ff ff
0x00000190c037aae4:   ff ff ff e8 94 25 40 fe e9 53 00 00 00 48 83 fe
0x00000190c037aaf4:   00 0f 84 29 00 00 00 49 b9 90 f6 25 01 08 00 00 


Stack slot to memory mapping:
stack at sp + 0 slots: 0x0000000ce8efcfb8 is pointing into the stack for thread: 0x00000190d670b8d0
stack at sp + 1 slots: 0x00000190c02292ac is at entry_point+1228 in (nmethod*)0x00000190c0228c10
stack at sp + 2 slots: 0x0000000ce8efd3f0 is pointing into the stack for thread: 0x00000190d670b8d0
stack at sp + 3 slots: 0x00000190bfc72f94 is at entry_point+116 in (nmethod*)0x00000190bfc72d90
stack at sp + 4 slots: 0x00000190df9c6160 is pointing into metadata
stack at sp + 5 slots: 0x0000000089e384c8 is an oop: com.google.protobuf.CodedOutputStream$OutputStreamEncoder 
{0x0000000089e384c8} - klass: 'com/google/protobuf/CodedOutputStream$OutputStreamEncoder'
 - ---- fields (total size 5 words):
 - private 'serializationDeterministic' 'Z' @12  false
 - 'wrapper' 'Lcom/google/protobuf/CodedOutputStreamWriter;' @16  NULL (0)
 - final 'limit' 'I' @20  4096 (1000)
 - 'position' 'I' @24  4046 (fce)
 - 'totalBytesWritten' 'I' @28  212547 (33e43)
 - final 'buffer' '[B' @32  [B{0x0000000089e384f0} (89e384f0)
 - private final 'out' 'Ljava/io/OutputStream;' @36  a 'java/io/FileOutputStream'{0x000000008b5e56c8} (8b5e56c8)
stack at sp + 6 slots: 0x0000000000000fa6 is an unknown value
stack at sp + 7 slots: 0x0000000080423de0 is an oop: java.util.Collections$EmptyIterator 
{0x0000000080423de0} - klass: 'java/util/Collections$EmptyIterator'
 - ---- fields (total size 2 words):

--------------------------------------------------------------------------------
[Constant Pool (empty)]

--------------------------------------------------------------------------------

[MachCode]
  0x00000190c037a780: 448b 5208 | 49bb 0000 | 0000 0800 | 0000 4d03 | d34c 3bd0 | 0f85 e622 | 40fe 660f | 1f44 0000 
  0x00000190c037a7a0: 8984 2400 | 90ff ff55 | 4881 ecd0 | 0000 0048 | 8994 24a8 | 0000 004c | 8984 24b0 | 0000 0049 
  0x00000190c037a7c0: b9f0 799c | df90 0100 | 0041 8b71 | 0883 c602 | 4189 7108 | 81e6 fe0f | 0000 83fe | 000f 840e 
  0x00000190c037a7e0: 0500 0044 | 8b4a 1848 | bef8 1ff0 | 8a00 0000 | 008b 7614 | 443b ce0f | 8427 0000 | 0049 3b00 
  0x00000190c037a800: 498b f041 | b801 0000 | 0048 8bd6 | 9048 b838 | 935e 0108 | 0000 00e8 | 4451 ffff | 488b 9424 
  0x00000190c037a820: a800 0000 | 448b 4a1c | 4183 f900 | 0f84 2a00 | 0000 41b8 | 0200 0000 | 488b 9424 | b000 0000 
  0x00000190c037a840: 0f1f 4400 | 0048 b8ff | ffff ffff | ffff ffe8 | 2c28 40fe | 488b 9424 | a800 0000 | 8b72 2848 
  0x00000190c037a860: 83fe 000f | 8428 0000 | 0049 b870 | e900 0008 | 0000 008b | 4608 49ba | 0000 0000 | 0800 0000 
  0x00000190c037a880: 4903 c24c | 3bc0 0f85 | 0500 0000 | e905 0000 | 0048 33ff | eb0a 48bf | 0100 0000 | 0000 0000 
  0x00000190c037a8a0: 83ff 000f | 8436 0100 | 0048 83fe | 000f 8429 | 0000 0048 | b870 e900 | 0008 0000 | 0044 8b46 
  0x00000190c037a8c0: 0849 ba00 | 0000 0008 | 0000 004d | 03c2 493b | c00f 8545 | 0400 00e9 | 0000 0000 | 4c8b c648 
  0x00000190c037a8e0: ba80 fc25 | 0108 0000 | 0049 8b87 | 0801 0000 | 488d 7818 | 493b bf18 | 0100 000f | 8724 0400 
  0x00000190c037a900: 0049 89bf | 0801 0000 | 48c7 0001 | 0000 0048 | 8bca 49ba | 0000 0000 | 0800 0000 | 492b ca89 
  0x00000190c037a920: 4808 4833 | c989 480c | 4833 c948 | 8948 1048 | 8984 24b8 | 0000 0041 | 0fbe 5010 | 458b 4814 
  0x00000190c037a940: c1e2 184c | 8bc2 41c1 | f818 48ba | 7006 0580 | 0000 0000 | 6666 90e8 | 242a 40fe | 488b 9c24 
  0x00000190c037a960: b800 0000 | c743 0c00 | 0000 0048 | 83f8 000f | 84fd 0200 | 0048 8b94 | 24a8 0000 | 0045 0fbe 
  0x00000190c037a980: 4738 4183 | f800 0f85 | ab03 0000 | 4c8b d044 | 8953 104c | 8bc3 4c33 | c049 c1e8 | 1449 83f8 
  0x00000190c037a9a0: 000f 85ac | 0300 0045 | 0fbe 4738 | 4183 f800 | 0f85 b503 | 0000 4c8b | d344 8952 | 28f0 8344 
  0x00000190c037a9c0: 24c0 004c | 8bc2 4c33 | c349 c1e8 | 1449 83f8 | 000f 85b0 | 0300 0048 | 8bc3 e93a | 0000 0048 
  0x00000190c037a9e0: 83fe 000f | 842a 0000 | 0048 bf90 | f625 0108 | 0000 0044 | 8b46 0849 | ba00 0000 | 0008 0000 
  0x00000190c037aa00: 004d 03c2 | 493b 7838 | 0f85 9103 | 0000 e900 | 0000 004c | 8bc6 498b | c044 8b40 | 1045 8b40 
  0x00000190c037aa20: 0c41 83f8 | 0041 b800 | 0000 000f | 8506 0000 | 0041 b801 | 0000 0041 | 83e0 0141 | 83f8 000f 
  0x00000190c037aa40: 8507 0100 | 008b 7228 | 4883 fe00 | 0f84 2900 | 0000 48bb | 70e9 0000 | 0800 0000 | 448b 4e08 
  0x00000190c037aa60: 49ba 0000 | 0000 0800 | 0000 4d03 | ca49 3bd9 | 0f85 0500 | 0000 e905 | 0000 004d | 33c0 eb0a 
  0x00000190c037aa80: 49b8 0100 | 0000 0000 | 0000 4183 | f800 0f84 | 5d00 0000 | 4883 fe00 | 0f84 2900 | 0000 48bf 
  0x00000190c037aaa0: 70e9 0000 | 0800 0000 | 448b 4608 | 49ba 0000 | 0000 0800 | 0000 4d03 | c249 3bf8 | 0f85 f002 
  0x00000190c037aac0: 0000 e900 | 0000 004c | 8bce 41b8 | 0300 0000 | 488b 9424 | b000 0000 | 0f1f 4400 | 0048 b8ff 
  0x00000190c037aae0: ffff ffff | ffff ffe8 | 9425 40fe | e953 0000 | 0048 83fe | 000f 8429 | 0000 0049 | b990 f625 
  0x00000190c037ab00: 0108 0000 | 008b 5608 | 49ba 0000 | 0000 0800 | 0000 4903 | d24c 3b4a | 380f 859c | 0200 00e9 
  0x00000190c037ab20: 0000 0000 | 4c8b ce41 | b803 0000 | 0048 8b94 | 24b0 0000 | 0048 b838 | 935e 0108 | 0000 00e8 
  0x00000190c037ab40: 9c5b ffff | 488b 9424 | a800 0000 | 440f be4a | 2441 83f9 | 000f 8429 | 0000 0041 | b804 0000 
  0x00000190c037ab60: 0048 8b94 | 24b0 0000 | 000f 1f40 | 0048 b8ff | ffff ffff | ffff ffe8 | 0425 40fe | 488b 9424 
  0x00000190c037ab80: a800 0000 | 8b72 2c48 | 83fe 000f | 8443 0000 | 0048 83fe | 000f 850e | 0000 000f | 1f40 00e8 
  0x00000190c037aba0: dc27 40fe | e903 0000 | 0048 8bc6 | 41b8 0500 | 0000 4c8b | c848 8b94 | 24b0 0000 | 0048 b8ff 
  0x00000190c037abc0: ffff ffff | ffff ffe8 | b424 40fe | 488b 9424 | a800 0000 | 448b 4a20 | 4183 f900 | 0f84 2a00 
  0x00000190c037abe0: 0000 41b8 | 0600 0000 | 488b 9424 | b000 0000 | 0f1f 4400 | 0048 b838 | 935e 0108 | 0000 00e8 
  0x00000190c037ac00: bc1a ffff | 488b 9424 | a800 0000 | 440f be4a | 2541 83f9 | 000f 8429 | 0000 0041 | b807 0000 
  0x00000190c037ac20: 0048 8b94 | 24b0 0000 | 000f 1f40 | 0048 b838 | 935e 0108 | 0000 00e8 | 846c ffff | 488b 9424 
  0x00000190c037ac40: a800 0000 | 8b52 1448 | 3b02 4c8b | 8424 b000 | 0000 0f1f | 4400 00e8 | e4f0 feff | 4881 c4d0 
  0x00000190c037ac60: 0000 005d | 493b a740 | 0300 000f | 8758 0100 | 00c3 660f | 1f44 0000 | e971 0100 | 0000 0000 
  0x00000190c037ac80: 0000 498b | 8708 0100 | 0048 8d78 | 3049 3bbf | 1801 0000 | 0f87 5e01 | 0000 4989 | bf08 0100 
  0x00000190c037aca0: 0048 c700 | 0100 0000 | 488b ca49 | ba00 0000 | 0008 0000 | 0049 2bca | 8948 0848 | 33c9 8948 
  0x00000190c037acc0: 0c48 33c9 | 4889 4810 | 4889 4818 | 4889 4820 | 4889 4828 | 488b d048 | 8984 24c0 | 0000 00e8 
  0x00000190c037ace0: 9c20 40fe | 488b 8424 | c000 0000 | e933 0100 | 0049 ba70 | b68d df90 | 0100 004c | 8954 2408 
  0x00000190c037ad00: 48c7 0424 | ffff ffff | e8f3 cf4a | fee9 d1fa | ffff e809 | 7f4a fee8 | 047f 4afe | 4889 3424 
  0x00000190c037ad20: e8fb a24a | fe48 8bd2 | e8d3 874a | fee9 fdfb | ffff e8e9 | 7e4a fe44 | 8b43 1049 | 83f8 000f 
  0x00000190c037ad40: 8447 fcff | ff4c 8904 | 24e8 b2d5 | 4afe e939 | fcff ff48 | 83f8 000f | 844a fcff | ff48 891c 
  0x00000190c037ad60: 24e8 9ad8 | 4afe e93c | fcff ff44 | 8b42 2849 | 83f8 000f | 843d fcff | ff4c 8904 | 24e8 7ed5 
  0x00000190c037ad80: 4afe e92f | fcff ff48 | 83fb 000f | 8446 fcff | ff48 8914 | 24e8 66d8 | 4afe e938 | fcff ff48 
  0x00000190c037ada0: 8934 24e8 | 78a2 4afe | e873 7e4a | fee8 6e7e | 4afe 4889 | 3424 e865 | a24a fe48 | 8934 24e8 
  0x00000190c037adc0: 5ca2 4afe | e857 7e4a | fe49 ba64 | ac37 c090 | 0100 004d | 8997 5803 | 0000 e9a1 | 8140 fe48 
  0x00000190c037ade0: ba00 0000 | 0000 0000 | 00b8 000f | 050a e88d | be4a fee9 | 80fe ffff | 488b d2e8 | 0087 4afe 
  0x00000190c037ae00: e9cf feff | ff90 9049 | 8b87 d003 | 0000 49c7 | 87d0 0300 | 0000 0000 | 0049 c787 | d803 0000 
  0x00000190c037ae20: 0000 0000 | 4881 c4d0 | 0000 005d | e94f 6b4a | fef4 f4f4 | f4f4 f4f4 | f4f4 f4f4 | f4f4 f4f4 
  0x00000190c037ae40: 0f1f 4400 | 0048 bb00 | 0000 0000 | 0000 00e9 | fbff ffff | 9048 bb00 | 0000 0000 | 0000 00e9 
  0x00000190c037ae60: fbff ffff | 9048 bb00 | 0000 0000 | 0000 00e9 | fbff ffff | 9048 bb00 | 0000 0000 | 0000 00e9 
  0x00000190c037ae80: fbff ffff | 9048 bb00 | 0000 0000 | 0000 00e9 | fbff ffff | 9048 bb00 | 0000 0000 | 0000 00e9 
  0x00000190c037aea0: fbff ffff | 9048 bb00 | 0000 0000 | 0000 00e9 | fbff ffff | 9048 bb00 | 0000 0000 | 0000 00e9 
  0x00000190c037aec0: fbff ffff | 9048 bb00 | 0000 0000 | 0000 00e9 | fbff ffff | 9048 bb00 | 0000 0000 | 0000 00e9 
  0x00000190c037aee0: fbff ffff | 9048 bb00 | 0000 0000 | 0000 00e9 | fbff ffff | 9048 bb00 | 0000 0000 | 0000 00e9 
  0x00000190c037af00: fbff ffff | e8f7 9a4a | fe48 b918 | 50a3 d8fe | 7f00 0048 | 83e4 f049 | ba90 6671 | d8fe 7f00 
  0x00000190c037af20: 0041 ffd2 | f449 ba25 | af37 c090 | 0100 0041 | 52e9 6a79 | 40fe f4f4 
[/MachCode]
--------------------------------------------------------------------------------


---------------  P R O C E S S  ---------------

Threads class SMR info:
_java_thread_list=0x00000190de508410, length=65, elements={
0x00000190b6ecd900, 0x00000190b6f94f70, 0x00000190b6f95900, 0x00000190b6fa36b0,
0x00000190b6fa3d80, 0x00000190b6fa6260, 0x00000190b6fab750, 0x00000190b6fae710,
0x00000190d4459da0, 0x00000190d445cad0, 0x00000190d505b830, 0x00000190d505fd20,
0x00000190d61cf2c0, 0x00000190d5f794c0, 0x00000190d5f128e0, 0x00000190d512a5c0,
0x00000190d630a730, 0x00000190d535e490, 0x00000190d6830760, 0x00000190d5f20570,
0x00000190d5f1f700, 0x00000190d5f1fbd0, 0x00000190d5f200a0, 0x00000190d5f20a40,
0x00000190d5f1d550, 0x00000190d5f1def0, 0x00000190d5f1e3c0, 0x00000190d5f1ed60,
0x00000190d5f1f230, 0x00000190d6b8b3f0, 0x00000190d6b84a10, 0x00000190d6b8b8c0,
0x00000190d6b84070, 0x00000190d6b8a580, 0x00000190d6b87090, 0x00000190d6b89240,
0x00000190d6b85d50, 0x00000190d6b89710, 0x00000190d6b86220, 0x00000190d6b87f00,
0x00000190d6b87a30, 0x00000190d6b866f0, 0x00000190d6b883d0, 0x00000190d6b86bc0,
0x00000190d6b888a0, 0x00000190d6b88d70, 0x00000190d6b89be0, 0x00000190d6b8a0b0,
0x00000190d6b8aa50, 0x00000190d6706700, 0x00000190d67088b0, 0x00000190d670a590,
0x00000190d670b400, 0x00000190d6706bd0, 0x00000190d67070a0, 0x00000190d6709bf0,
0x00000190d6707a40, 0x00000190d6709250, 0x00000190d670aa60, 0x00000190d670af30,
0x00000190d6704ef0, 0x00000190d6708d80, 0x00000190d67083e0, 0x00000190d670b8d0,
0x00000190d6704080
}

Java Threads: ( => current thread )
  0x00000190b6ecd900 JavaThread "main" [_thread_blocked, id=6504, stack(0x0000000ce4700000,0x0000000ce4800000)]
  0x00000190b6f94f70 JavaThread "Reference Handler" daemon [_thread_blocked, id=3256, stack(0x0000000ce4e00000,0x0000000ce4f00000)]
  0x00000190b6f95900 JavaThread "Finalizer" daemon [_thread_blocked, id=6416, stack(0x0000000ce4f00000,0x0000000ce5000000)]
  0x00000190b6fa36b0 JavaThread "Signal Dispatcher" daemon [_thread_blocked, id=8460, stack(0x0000000ce5000000,0x0000000ce5100000)]
  0x00000190b6fa3d80 JavaThread "Attach Listener" daemon [_thread_blocked, id=8692, stack(0x0000000ce5100000,0x0000000ce5200000)]
  0x00000190b6fa6260 JavaThread "Service Thread" daemon [_thread_blocked, id=2740, stack(0x0000000ce5200000,0x0000000ce5300000)]
  0x00000190b6fab750 JavaThread "Monitor Deflation Thread" daemon [_thread_blocked, id=4324, stack(0x0000000ce5300000,0x0000000ce5400000)]
  0x00000190b6fae710 JavaThread "C2 CompilerThread0" daemon [_thread_blocked, id=3304, stack(0x0000000ce5400000,0x0000000ce5500000)]
  0x00000190d4459da0 JavaThread "C1 CompilerThread0" daemon [_thread_blocked, id=4336, stack(0x0000000ce5500000,0x0000000ce5600000)]
  0x00000190d445cad0 JavaThread "Sweeper thread" daemon [_thread_blocked, id=5532, stack(0x0000000ce5600000,0x0000000ce5700000)]
  0x00000190d505b830 JavaThread "Common-Cleaner" daemon [_thread_blocked, id=2428, stack(0x0000000ce5700000,0x0000000ce5800000)]
  0x00000190d505fd20 JavaThread "Notification Thread" daemon [_thread_blocked, id=1004, stack(0x0000000ce5800000,0x0000000ce5900000)]
  0x00000190d61cf2c0 JavaThread "Daemon health stats" [_thread_blocked, id=8144, stack(0x0000000ce5b00000,0x0000000ce5c00000)]
  0x00000190d5f794c0 JavaThread "Incoming local TCP Connector on port 56602" [_thread_in_native, id=6040, stack(0x0000000ce5c00000,0x0000000ce5d00000)]
  0x00000190d5f128e0 JavaThread "Daemon periodic checks" [_thread_blocked, id=6180, stack(0x0000000ce5d00000,0x0000000ce5e00000)]
  0x00000190d512a5c0 JavaThread "Daemon" [_thread_blocked, id=6848, stack(0x0000000ce5e00000,0x0000000ce5f00000)]
  0x00000190d630a730 JavaThread "Handler for socket connection from /127.0.0.1:56602 to /127.0.0.1:56603" [_thread_in_native, id=5268, stack(0x0000000ce5f00000,0x0000000ce6000000)]
  0x00000190d535e490 JavaThread "Cancel handler" [_thread_blocked, id=9032, stack(0x0000000ce6000000,0x0000000ce6100000)]
  0x00000190d6830760 JavaThread "Daemon worker" [_thread_blocked, id=32, stack(0x0000000ce6100000,0x0000000ce6200000)]
  0x00000190d5f20570 JavaThread "Asynchronous log dispatcher for DefaultDaemonConnection: socket connection from /127.0.0.1:56602 to /127.0.0.1:56603" [_thread_blocked, id=2860, stack(0x0000000ce6200000,0x0000000ce6300000)]
  0x00000190d5f1f700 JavaThread "Daemon client event forwarder" [_thread_blocked, id=5996, stack(0x0000000ce6400000,0x0000000ce6500000)]
  0x00000190d5f1fbd0 JavaThread "Cache worker for journal cache (C:\Users\USER\.gradle\caches\journal-1)" [_thread_blocked, id=1988, stack(0x0000000ce6500000,0x0000000ce6600000)]
  0x00000190d5f200a0 JavaThread "File lock request listener" [_thread_in_native, id=3268, stack(0x0000000ce6600000,0x0000000ce6700000)]
  0x00000190d5f20a40 JavaThread "Cache worker for file hash cache (C:\Users\USER\.gradle\caches\7.2\fileHashes)" [_thread_blocked, id=6064, stack(0x0000000ce6700000,0x0000000ce6800000)]
  0x00000190d5f1d550 JavaThread "Cache worker for file hash cache (C:\Users\USER\AndroidStudioProjects\schwep\.gradle\7.2\fileHashes)" [_thread_blocked, id=8764, stack(0x0000000ce6800000,0x0000000ce6900000)]
  0x00000190d5f1def0 JavaThread "File watcher server" daemon [_thread_in_native, id=7436, stack(0x0000000ce6900000,0x0000000ce6a00000)]
  0x00000190d5f1e3c0 JavaThread "File watcher consumer" daemon [_thread_blocked, id=2504, stack(0x0000000ce6a00000,0x0000000ce6b00000)]
  0x00000190d5f1ed60 JavaThread "Cache worker for checksums cache (C:\Users\USER\AndroidStudioProjects\schwep\.gradle\checksums)" [_thread_blocked, id=4364, stack(0x0000000ce6b00000,0x0000000ce6c00000)]
  0x00000190d5f1f230 JavaThread "Cache worker for cache directory md-supplier (C:\Users\USER\.gradle\caches\7.2\md-supplier)" [_thread_blocked, id=4688, stack(0x0000000ce6c00000,0x0000000ce6d00000)]
  0x00000190d6b8b3f0 JavaThread "Cache worker for cache directory md-rule (C:\Users\USER\.gradle\caches\7.2\md-rule)" [_thread_blocked, id=6624, stack(0x0000000ce6d00000,0x0000000ce6e00000)]
  0x00000190d6b84a10 JavaThread "Cache worker for execution history cache (C:\Users\USER\.gradle\caches\7.2\executionHistory)" [_thread_blocked, id=8908, stack(0x0000000ce6e00000,0x0000000ce6f00000)]
  0x00000190d6b8b8c0 JavaThread "jar transforms" [_thread_blocked, id=4380, stack(0x0000000ce6f00000,0x0000000ce7000000)]
  0x00000190d6b84070 JavaThread "Cache worker for file content cache (C:\Users\USER\.gradle\caches\7.2\fileContent)" [_thread_blocked, id=8644, stack(0x0000000ce7000000,0x0000000ce7100000)]
  0x00000190d6b8a580 JavaThread "jar transforms Thread 2" [_thread_blocked, id=8428, stack(0x0000000ce7100000,0x0000000ce7200000)]
  0x00000190d6b87090 JavaThread "Cache worker for dependencies-accessors (C:\Users\USER\AndroidStudioProjects\schwep\.gradle\7.2\dependencies-accessors)" [_thread_blocked, id=8932, stack(0x0000000ce7200000,0x0000000ce7300000)]
  0x00000190d6b89240 JavaThread "Cache worker for Build Output Cleanup Cache (C:\Users\USER\AndroidStudioProjects\schwep\.gradle\buildOutputCleanup)" [_thread_blocked, id=7296, stack(0x0000000ce7300000,0x0000000ce7400000)]
  0x00000190d6b85d50 JavaThread "Unconstrained build operations" [_thread_blocked, id=8896, stack(0x0000000ce7400000,0x0000000ce7500000)]
  0x00000190d6b89710 JavaThread "Unconstrained build operations Thread 2" [_thread_blocked, id=1596, stack(0x0000000ce7500000,0x0000000ce7600000)]
  0x00000190d6b86220 JavaThread "Unconstrained build operations Thread 3" [_thread_blocked, id=5380, stack(0x0000000ce7600000,0x0000000ce7700000)]
  0x00000190d6b87f00 JavaThread "Unconstrained build operations Thread 4" [_thread_blocked, id=8600, stack(0x0000000ce7700000,0x0000000ce7800000)]
  0x00000190d6b87a30 JavaThread "Unconstrained build operations Thread 5" [_thread_blocked, id=7460, stack(0x0000000ce7800000,0x0000000ce7900000)]
  0x00000190d6b866f0 JavaThread "Unconstrained build operations Thread 6" [_thread_blocked, id=2864, stack(0x0000000ce7900000,0x0000000ce7a00000)]
  0x00000190d6b883d0 JavaThread "Unconstrained build operations Thread 7" [_thread_blocked, id=8880, stack(0x0000000ce7a00000,0x0000000ce7b00000)]
  0x00000190d6b86bc0 JavaThread "Unconstrained build operations Thread 8" [_thread_blocked, id=3960, stack(0x0000000ce7b00000,0x0000000ce7c00000)]
  0x00000190d6b888a0 JavaThread "Unconstrained build operations Thread 9" [_thread_blocked, id=3976, stack(0x0000000ce7c00000,0x0000000ce7d00000)]
  0x00000190d6b88d70 JavaThread "Unconstrained build operations Thread 10" [_thread_blocked, id=7820, stack(0x0000000ce7d00000,0x0000000ce7e00000)]
  0x00000190d6b89be0 JavaThread "Unconstrained build operations Thread 11" [_thread_blocked, id=6956, stack(0x0000000ce7e00000,0x0000000ce7f00000)]
  0x00000190d6b8a0b0 JavaThread "Unconstrained build operations Thread 12" [_thread_blocked, id=8836, stack(0x0000000ce7f00000,0x0000000ce8000000)]
  0x00000190d6b8aa50 JavaThread "Unconstrained build operations Thread 13" [_thread_blocked, id=7364, stack(0x0000000ce8000000,0x0000000ce8100000)]
  0x00000190d6706700 JavaThread "Unconstrained build operations Thread 14" [_thread_blocked, id=5892, stack(0x0000000ce8100000,0x0000000ce8200000)]
  0x00000190d67088b0 JavaThread "Unconstrained build operations Thread 15" [_thread_blocked, id=3904, stack(0x0000000ce8200000,0x0000000ce8300000)]
  0x00000190d670a590 JavaThread "Unconstrained build operations Thread 16" [_thread_blocked, id=6288, stack(0x0000000ce8300000,0x0000000ce8400000)]
  0x00000190d670b400 JavaThread "Unconstrained build operations Thread 17" [_thread_blocked, id=5340, stack(0x0000000ce8400000,0x0000000ce8500000)]
  0x00000190d6706bd0 JavaThread "Unconstrained build operations Thread 18" [_thread_blocked, id=7932, stack(0x0000000ce8500000,0x0000000ce8600000)]
  0x00000190d67070a0 JavaThread "Unconstrained build operations Thread 19" [_thread_blocked, id=292, stack(0x0000000ce8600000,0x0000000ce8700000)]
  0x00000190d6709bf0 JavaThread "Unconstrained build operations Thread 20" [_thread_blocked, id=8824, stack(0x0000000ce8700000,0x0000000ce8800000)]
  0x00000190d6707a40 JavaThread "Memory manager" [_thread_blocked, id=5444, stack(0x0000000ce8a00000,0x0000000ce8b00000)]
  0x00000190d6709250 JavaThread "build event listener" [_thread_blocked, id=224, stack(0x0000000ce4500000,0x0000000ce4600000)]
  0x00000190d670aa60 JavaThread "build event listener" [_thread_blocked, id=5436, stack(0x0000000ce4600000,0x0000000ce4700000)]
  0x00000190d670af30 JavaThread "pool-3-thread-1" [_thread_blocked, id=4876, stack(0x0000000ce6300000,0x0000000ce6400000)]
  0x00000190d6704ef0 JavaThread "build event listener" [_thread_blocked, id=9184, stack(0x0000000ce8b00000,0x0000000ce8c00000)]
  0x00000190d6708d80 JavaThread "Execution worker for ':'" [_thread_blocked, id=3464, stack(0x0000000ce8c00000,0x0000000ce8d00000)]
  0x00000190d67083e0 JavaThread "Cache worker for execution history cache (C:\Users\USER\AndroidStudioProjects\schwep\.gradle\7.2\executionHistory)" [_thread_blocked, id=7908, stack(0x0000000ce8d00000,0x0000000ce8e00000)]
=>0x00000190d670b8d0 JavaThread "WorkerExecutor Queue" [_thread_in_Java, id=5180, stack(0x0000000ce8e00000,0x0000000ce8f00000)]
  0x00000190d6704080 JavaThread "WorkerExecutor Queue Thread 2" [_thread_blocked, id=1712, stack(0x0000000ce8f00000,0x0000000ce9000000)]

Other Threads:
  0x00000190b6f8eba0 VMThread "VM Thread" [stack: 0x0000000ce4d00000,0x0000000ce4e00000] [id=1944] _threads_hazard_ptr=0x00000190de508410
  0x00000190b6f2a720 WatcherThread [stack: 0x0000000ce5900000,0x0000000ce5a00000] [id=8796]
  0x00000190b6f0b950 GCTaskThread "GC Thread#0" [stack: 0x0000000ce4800000,0x0000000ce4900000] [id=8912]
  0x00000190d51580e0 GCTaskThread "GC Thread#1" [stack: 0x0000000ce5a00000,0x0000000ce5b00000] [id=5256]
  0x00000190b6f1c7a0 ConcurrentGCThread "G1 Main Marker" [stack: 0x0000000ce4900000,0x0000000ce4a00000] [id=1232]
  0x00000190b6f1d860 ConcurrentGCThread "G1 Conc#0" [stack: 0x0000000ce4a00000,0x0000000ce4b00000] [id=6752]
  0x00000190b6f68b10 ConcurrentGCThread "G1 Refine#0" [stack: 0x0000000ce4b00000,0x0000000ce4c00000] [id=6312]
  0x00000190b6f69050 ConcurrentGCThread "G1 Service" [stack: 0x0000000ce4c00000,0x0000000ce4d00000] [id=4356]

Threads with active compile tasks:
C2 CompilerThread0   126075 12813       4       com.android.utils.XmlUtils::append (647 bytes)

VM state: not at safepoint (normal execution)

VM Mutex/Monitor currently owned by a thread:  ([mutex/lock_event])
[0x00000190b6ec99c0] Compile_lock - owner thread: 0x00000190d6830760
[0x00000190b6ecace0] MethodCompileQueue_lock - owner thread: 0x00000190b6fae710

Heap address: 0x0000000080000000, size: 2048 MB, Compressed Oops mode: 32-bit

CDS archive(s) mapped at: [0x0000000800000000-0x0000000800bc0000-0x0000000800bc0000), size 12320768, SharedBaseAddress: 0x0000000800000000, ArchiveRelocationMode: 0.
Compressed class space mapped at: 0x0000000800c00000-0x0000000840c00000, reserved size: 1073741824
Narrow klass base: 0x0000000800000000, Narrow klass shift: 0, Narrow klass range: 0x100000000

GC Precious Log:
 CPUs: 2 total, 2 available
 Memory: 4083M
 Large Page Support: Disabled
 NUMA Support: Disabled
 Compressed Oops: Enabled (32-bit)
 Heap Region Size: 1M
 Heap Min Capacity: 8M
 Heap Initial Capacity: 64M
 Heap Max Capacity: 2G
 Pre-touch: Disabled
 Parallel Workers: 2
 Concurrent Workers: 1
 Concurrent Refinement Workers: 2
 Periodic GC: Disabled

Heap:
 garbage-first heap   total 190464K, used 154907K [0x0000000080000000, 0x0000000100000000)
  region size 1024K, 33 young (33792K), 5 survivors (5120K)
 Metaspace       used 86153K, committed 86784K, reserved 1130496K
  class space    used 11219K, committed 11520K, reserved 1048576K

Heap Regions: E=young(eden), S=young(survivor), O=old, HS=humongous(starts), HC=humongous(continues), CS=collection set, F=free, OA=open archive, CA=closed archive, TAMS=top-at-mark-start (previous, next)
|   0|0x0000000080000000, 0x0000000080100000, 0x0000000080100000|100%| O|  |TAMS 0x0000000080100000, 0x0000000080100000| Untracked 
|   1|0x0000000080100000, 0x0000000080200000, 0x0000000080200000|100%|HS|  |TAMS 0x0000000080200000, 0x0000000080200000| Complete 
|   2|0x0000000080200000, 0x0000000080300000, 0x0000000080300000|100%|HC|  |TAMS 0x0000000080300000, 0x0000000080300000| Complete 
|   3|0x0000000080300000, 0x0000000080400000, 0x0000000080400000|100%|HC|  |TAMS 0x0000000080400000, 0x0000000080400000| Complete 
|   4|0x0000000080400000, 0x0000000080500000, 0x0000000080500000|100%| O|  |TAMS 0x0000000080500000, 0x0000000080500000| Untracked 
|   5|0x0000000080500000, 0x0000000080600000, 0x0000000080600000|100%| O|  |TAMS 0x0000000080600000, 0x0000000080600000| Untracked 
|   6|0x0000000080600000, 0x0000000080700000, 0x0000000080700000|100%| O|  |TAMS 0x0000000080700000, 0x0000000080700000| Untracked 
|   7|0x0000000080700000, 0x0000000080800000, 0x0000000080800000|100%| O|  |TAMS 0x0000000080800000, 0x0000000080800000| Untracked 
|   8|0x0000000080800000, 0x0000000080900000, 0x0000000080900000|100%| O|  |TAMS 0x0000000080900000, 0x0000000080900000| Untracked 
|   9|0x0000000080900000, 0x0000000080a00000, 0x0000000080a00000|100%| O|  |TAMS 0x0000000080a00000, 0x0000000080a00000| Untracked 
|  10|0x0000000080a00000, 0x0000000080b00000, 0x0000000080b00000|100%| O|  |TAMS 0x0000000080b00000, 0x0000000080b00000| Untracked 
|  11|0x0000000080b00000, 0x0000000080c00000, 0x0000000080c00000|100%| O|  |TAMS 0x0000000080c00000, 0x0000000080c00000| Untracked 
|  12|0x0000000080c00000, 0x0000000080d00000, 0x0000000080d00000|100%| O|  |TAMS 0x0000000080d00000, 0x0000000080d00000| Untracked 
|  13|0x0000000080d00000, 0x0000000080e00000, 0x0000000080e00000|100%| O|  |TAMS 0x0000000080e00000, 0x0000000080e00000| Untracked 
|  14|0x0000000080e00000, 0x0000000080f00000, 0x0000000080f00000|100%| O|  |TAMS 0x0000000080f00000, 0x0000000080f00000| Untracked 
|  15|0x0000000080f00000, 0x0000000081000000, 0x0000000081000000|100%| O|  |TAMS 0x0000000081000000, 0x0000000081000000| Untracked 
|  16|0x0000000081000000, 0x0000000081100000, 0x0000000081100000|100%| O|  |TAMS 0x0000000081100000, 0x0000000081100000| Untracked 
|  17|0x0000000081100000, 0x0000000081200000, 0x0000000081200000|100%| O|  |TAMS 0x0000000081200000, 0x0000000081200000| Untracked 
|  18|0x0000000081200000, 0x0000000081300000, 0x0000000081300000|100%| O|  |TAMS 0x0000000081300000, 0x0000000081300000| Untracked 
|  19|0x0000000081300000, 0x0000000081400000, 0x0000000081400000|100%| O|  |TAMS 0x0000000081400000, 0x0000000081400000| Untracked 
|  20|0x0000000081400000, 0x0000000081500000, 0x0000000081500000|100%| O|  |TAMS 0x0000000081400000, 0x0000000081500000| Untracked 
|  21|0x0000000081500000, 0x0000000081600000, 0x0000000081600000|100%| O|  |TAMS 0x0000000081600000, 0x0000000081600000| Untracked 
|  22|0x0000000081600000, 0x0000000081700000, 0x0000000081700000|100%| O|  |TAMS 0x0000000081700000, 0x0000000081700000| Untracked 
|  23|0x0000000081700000, 0x0000000081800000, 0x0000000081800000|100%| O|  |TAMS 0x0000000081800000, 0x0000000081800000| Untracked 
|  24|0x0000000081800000, 0x0000000081900000, 0x0000000081900000|100%| O|  |TAMS 0x0000000081900000, 0x0000000081900000| Untracked 
|  25|0x0000000081900000, 0x0000000081a00000, 0x0000000081a00000|100%| O|  |TAMS 0x0000000081a00000, 0x0000000081a00000| Untracked 
|  26|0x0000000081a00000, 0x0000000081b00000, 0x0000000081b00000|100%| O|  |TAMS 0x0000000081b00000, 0x0000000081b00000| Untracked 
|  27|0x0000000081b00000, 0x0000000081c00000, 0x0000000081c00000|100%| O|  |TAMS 0x0000000081c00000, 0x0000000081c00000| Untracked 
|  28|0x0000000081c00000, 0x0000000081d00000, 0x0000000081d00000|100%| O|  |TAMS 0x0000000081d00000, 0x0000000081d00000| Untracked 
|  29|0x0000000081d00000, 0x0000000081e00000, 0x0000000081e00000|100%| O|  |TAMS 0x0000000081e00000, 0x0000000081e00000| Untracked 
|  30|0x0000000081e00000, 0x0000000081f00000, 0x0000000081f00000|100%| O|  |TAMS 0x0000000081f00000, 0x0000000081f00000| Untracked 
|  31|0x0000000081f00000, 0x0000000082000000, 0x0000000082000000|100%| O|  |TAMS 0x0000000082000000, 0x0000000082000000| Untracked 
|  32|0x0000000082000000, 0x0000000082100000, 0x0000000082100000|100%| O|  |TAMS 0x0000000082100000, 0x0000000082100000| Untracked 
|  33|0x0000000082100000, 0x0000000082200000, 0x0000000082200000|100%|HS|  |TAMS 0x0000000082200000, 0x0000000082200000| Complete 
|  34|0x0000000082200000, 0x0000000082300000, 0x0000000082300000|100%|HS|  |TAMS 0x0000000082300000, 0x0000000082300000| Complete 
|  35|0x0000000082300000, 0x0000000082400000, 0x0000000082400000|100%|HS|  |TAMS 0x0000000082400000, 0x0000000082400000| Complete 
|  36|0x0000000082400000, 0x0000000082500000, 0x0000000082500000|100%|HS|  |TAMS 0x0000000082500000, 0x0000000082500000| Complete 
|  37|0x0000000082500000, 0x0000000082600000, 0x0000000082600000|100%|HS|  |TAMS 0x0000000082600000, 0x0000000082600000| Complete 
|  38|0x0000000082600000, 0x0000000082700000, 0x0000000082700000|100%|HC|  |TAMS 0x0000000082700000, 0x0000000082700000| Complete 
|  39|0x0000000082700000, 0x0000000082800000, 0x0000000082800000|100%|HC|  |TAMS 0x0000000082800000, 0x0000000082800000| Complete 
|  40|0x0000000082800000, 0x0000000082900000, 0x0000000082900000|100%| O|  |TAMS 0x0000000082900000, 0x0000000082900000| Untracked 
|  41|0x0000000082900000, 0x0000000082a00000, 0x0000000082a00000|100%| O|  |TAMS 0x0000000082a00000, 0x0000000082a00000| Untracked 
|  42|0x0000000082a00000, 0x0000000082b00000, 0x0000000082b00000|100%| O|  |TAMS 0x0000000082b00000, 0x0000000082b00000| Untracked 
|  43|0x0000000082b00000, 0x0000000082c00000, 0x0000000082c00000|100%| O|  |TAMS 0x0000000082bb2a00, 0x0000000082c00000| Untracked 
|  44|0x0000000082c00000, 0x0000000082d00000, 0x0000000082d00000|100%| O|  |TAMS 0x0000000082c00000, 0x0000000082d00000| Untracked 
|  45|0x0000000082d00000, 0x0000000082e00000, 0x0000000082e00000|100%|HS|  |TAMS 0x0000000082e00000, 0x0000000082e00000| Complete 
|  46|0x0000000082e00000, 0x0000000082f00000, 0x0000000082f00000|100%|HC|  |TAMS 0x0000000082f00000, 0x0000000082f00000| Complete 
|  47|0x0000000082f00000, 0x0000000083000000, 0x0000000083000000|100%| O|  |TAMS 0x0000000083000000, 0x0000000083000000| Untracked 
|  48|0x0000000083000000, 0x0000000083100000, 0x0000000083100000|100%| O|  |TAMS 0x0000000083100000, 0x0000000083100000| Untracked 
|  49|0x0000000083100000, 0x0000000083200000, 0x0000000083200000|100%| O|  |TAMS 0x0000000083200000, 0x0000000083200000| Untracked 
|  50|0x0000000083200000, 0x0000000083300000, 0x0000000083300000|100%| O|  |TAMS 0x0000000083200000, 0x0000000083300000| Untracked 
|  51|0x0000000083300000, 0x0000000083400000, 0x0000000083400000|100%| O|  |TAMS 0x0000000083300000, 0x0000000083400000| Untracked 
|  52|0x0000000083400000, 0x0000000083500000, 0x0000000083500000|100%| O|  |TAMS 0x0000000083400000, 0x0000000083500000| Untracked 
|  53|0x0000000083500000, 0x0000000083600000, 0x0000000083600000|100%| O|  |TAMS 0x0000000083500000, 0x0000000083600000| Untracked 
|  54|0x0000000083600000, 0x0000000083700000, 0x0000000083700000|100%| O|  |TAMS 0x0000000083600000, 0x0000000083700000| Untracked 
|  55|0x0000000083700000, 0x0000000083800000, 0x0000000083800000|100%| O|  |TAMS 0x0000000083700000, 0x0000000083800000| Untracked 
|  56|0x0000000083800000, 0x0000000083900000, 0x0000000083900000|100%| O|  |TAMS 0x0000000083800000, 0x0000000083900000| Untracked 
|  57|0x0000000083900000, 0x0000000083a00000, 0x0000000083a00000|100%| O|  |TAMS 0x0000000083900000, 0x0000000083a00000| Untracked 
|  58|0x0000000083a00000, 0x0000000083b00000, 0x0000000083b00000|100%| O|  |TAMS 0x0000000083a00000, 0x0000000083b00000| Untracked 
|  59|0x0000000083b00000, 0x0000000083c00000, 0x0000000083c00000|100%| O|  |TAMS 0x0000000083b00000, 0x0000000083c00000| Untracked 
|  60|0x0000000083c00000, 0x0000000083d00000, 0x0000000083d00000|100%| O|  |TAMS 0x0000000083c00000, 0x0000000083d00000| Untracked 
|  61|0x0000000083d00000, 0x0000000083e00000, 0x0000000083e00000|100%| O|  |TAMS 0x0000000083d00000, 0x0000000083e00000| Untracked 
|  62|0x0000000083e00000, 0x0000000083f00000, 0x0000000083f00000|100%| O|  |TAMS 0x0000000083e00000, 0x0000000083f00000| Untracked 
|  63|0x0000000083f00000, 0x0000000084000000, 0x0000000084000000|100%| O|  |TAMS 0x0000000083f00000, 0x0000000084000000| Untracked 
|  64|0x0000000084000000, 0x0000000084100000, 0x0000000084100000|100%| O|  |TAMS 0x0000000084000000, 0x0000000084100000| Untracked 
|  65|0x0000000084100000, 0x0000000084200000, 0x0000000084200000|100%| O|  |TAMS 0x0000000084100000, 0x0000000084200000| Untracked 
|  66|0x0000000084200000, 0x0000000084300000, 0x0000000084300000|100%| O|  |TAMS 0x0000000084200000, 0x0000000084300000| Untracked 
|  67|0x0000000084300000, 0x0000000084400000, 0x0000000084400000|100%| O|  |TAMS 0x0000000084300000, 0x0000000084400000| Untracked 
|  68|0x0000000084400000, 0x0000000084500000, 0x0000000084500000|100%| O|  |TAMS 0x0000000084400000, 0x0000000084500000| Untracked 
|  69|0x0000000084500000, 0x0000000084600000, 0x0000000084600000|100%| O|  |TAMS 0x0000000084500000, 0x0000000084600000| Untracked 
|  70|0x0000000084600000, 0x0000000084700000, 0x0000000084700000|100%| O|  |TAMS 0x0000000084600000, 0x0000000084700000| Untracked 
|  71|0x0000000084700000, 0x0000000084800000, 0x0000000084800000|100%| O|  |TAMS 0x0000000084700000, 0x0000000084800000| Untracked 
|  72|0x0000000084800000, 0x0000000084900000, 0x0000000084900000|100%| O|  |TAMS 0x0000000084800000, 0x0000000084900000| Untracked 
|  73|0x0000000084900000, 0x0000000084a00000, 0x0000000084a00000|100%| O|  |TAMS 0x0000000084900000, 0x0000000084a00000| Untracked 
|  74|0x0000000084a00000, 0x0000000084b00000, 0x0000000084b00000|100%| O|  |TAMS 0x0000000084a00000, 0x0000000084b00000| Untracked 
|  75|0x0000000084b00000, 0x0000000084c00000, 0x0000000084c00000|100%| O|  |TAMS 0x0000000084b00000, 0x0000000084c00000| Untracked 
|  76|0x0000000084c00000, 0x0000000084d00000, 0x0000000084d00000|100%| O|  |TAMS 0x0000000084c00000, 0x0000000084d00000| Untracked 
|  77|0x0000000084d00000, 0x0000000084e00000, 0x0000000084e00000|100%| O|  |TAMS 0x0000000084d00000, 0x0000000084e00000| Untracked 
|  78|0x0000000084e00000, 0x0000000084f00000, 0x0000000084f00000|100%| O|  |TAMS 0x0000000084e00000, 0x0000000084f00000| Untracked 
|  79|0x0000000084f00000, 0x0000000085000000, 0x0000000085000000|100%| O|  |TAMS 0x0000000084f00000, 0x0000000085000000| Untracked 
|  80|0x0000000085000000, 0x0000000085100000, 0x0000000085100000|100%| O|  |TAMS 0x0000000085000000, 0x0000000085100000| Untracked 
|  81|0x0000000085100000, 0x0000000085200000, 0x0000000085200000|100%| O|  |TAMS 0x0000000085100000, 0x0000000085200000| Untracked 
|  82|0x0000000085200000, 0x0000000085300000, 0x0000000085300000|100%| O|  |TAMS 0x0000000085200000, 0x0000000085300000| Untracked 
|  83|0x0000000085300000, 0x0000000085400000, 0x0000000085400000|100%| O|  |TAMS 0x0000000085300000, 0x0000000085400000| Untracked 
|  84|0x0000000085400000, 0x0000000085500000, 0x0000000085500000|100%| O|  |TAMS 0x0000000085400000, 0x0000000085500000| Untracked 
|  85|0x0000000085500000, 0x0000000085600000, 0x0000000085600000|100%| O|  |TAMS 0x0000000085500000, 0x0000000085600000| Untracked 
|  86|0x0000000085600000, 0x0000000085700000, 0x0000000085700000|100%| O|  |TAMS 0x0000000085600000, 0x0000000085700000| Untracked 
|  87|0x0000000085700000, 0x0000000085800000, 0x0000000085800000|100%| O|  |TAMS 0x0000000085700000, 0x0000000085800000| Untracked 
|  88|0x0000000085800000, 0x0000000085900000, 0x0000000085900000|100%| O|  |TAMS 0x0000000085800000, 0x0000000085900000| Untracked 
|  89|0x0000000085900000, 0x0000000085a00000, 0x0000000085a00000|100%| O|  |TAMS 0x0000000085900000, 0x0000000085a00000| Untracked 
|  90|0x0000000085a00000, 0x0000000085b00000, 0x0000000085b00000|100%| O|  |TAMS 0x0000000085a00000, 0x0000000085b00000| Untracked 
|  91|0x0000000085b00000, 0x0000000085c00000, 0x0000000085c00000|100%| O|  |TAMS 0x0000000085b00000, 0x0000000085c00000| Untracked 
|  92|0x0000000085c00000, 0x0000000085d00000, 0x0000000085d00000|100%| O|  |TAMS 0x0000000085c00000, 0x0000000085d00000| Untracked 
|  93|0x0000000085d00000, 0x0000000085e00000, 0x0000000085e00000|100%| O|  |TAMS 0x0000000085d00000, 0x0000000085e00000| Untracked 
|  94|0x0000000085e00000, 0x0000000085f00000, 0x0000000085f00000|100%| O|  |TAMS 0x0000000085e00000, 0x0000000085f00000| Untracked 
|  95|0x0000000085f00000, 0x0000000086000000, 0x0000000086000000|100%| O|  |TAMS 0x0000000085f00000, 0x0000000086000000| Untracked 
|  96|0x0000000086000000, 0x0000000086100000, 0x0000000086100000|100%| O|  |TAMS 0x0000000086000000, 0x0000000086100000| Untracked 
|  97|0x0000000086100000, 0x0000000086200000, 0x0000000086200000|100%| O|  |TAMS 0x0000000086100000, 0x0000000086200000| Untracked 
|  98|0x0000000086200000, 0x0000000086300000, 0x0000000086300000|100%| O|  |TAMS 0x0000000086200000, 0x0000000086300000| Untracked 
|  99|0x0000000086300000, 0x0000000086400000, 0x0000000086400000|100%|HS|  |TAMS 0x0000000086300000, 0x0000000086400000| Complete 
| 100|0x0000000086400000, 0x0000000086500000, 0x0000000086500000|100%|HC|  |TAMS 0x0000000086400000, 0x0000000086500000| Complete 
| 101|0x0000000086500000, 0x0000000086600000, 0x0000000086600000|100%| O|  |TAMS 0x0000000086500000, 0x0000000086600000| Untracked 
| 102|0x0000000086600000, 0x0000000086700000, 0x0000000086700000|100%| O|  |TAMS 0x0000000086600000, 0x0000000086600000| Untracked 
| 103|0x0000000086700000, 0x0000000086800000, 0x0000000086800000|100%| O|  |TAMS 0x0000000086700000, 0x0000000086700000| Untracked 
| 104|0x0000000086800000, 0x0000000086900000, 0x0000000086900000|100%| O|  |TAMS 0x0000000086800000, 0x0000000086800000| Untracked 
| 105|0x0000000086900000, 0x0000000086a00000, 0x0000000086a00000|100%| O|  |TAMS 0x0000000086900000, 0x000000008698ba00| Untracked 
| 106|0x0000000086a00000, 0x0000000086b00000, 0x0000000086b00000|100%| O|  |TAMS 0x0000000086a00000, 0x0000000086b00000| Untracked 
| 107|0x0000000086b00000, 0x0000000086c00000, 0x0000000086c00000|100%| O|  |TAMS 0x0000000086b00000, 0x0000000086c00000| Untracked 
| 108|0x0000000086c00000, 0x0000000086d00000, 0x0000000086d00000|100%| O|  |TAMS 0x0000000086c00000, 0x0000000086d00000| Untracked 
| 109|0x0000000086d00000, 0x0000000086e00000, 0x0000000086e00000|100%| O|  |TAMS 0x0000000086d00000, 0x0000000086e00000| Untracked 
| 110|0x0000000086e00000, 0x0000000086f00000, 0x0000000086f00000|100%| O|  |TAMS 0x0000000086e00000, 0x0000000086f00000| Untracked 
| 111|0x0000000086f00000, 0x0000000087000000, 0x0000000087000000|100%| O|  |TAMS 0x0000000086f00000, 0x0000000087000000| Untracked 
| 112|0x0000000087000000, 0x0000000087000000, 0x0000000087100000|  0%| F|  |TAMS 0x0000000087000000, 0x0000000087000000| Untracked 
| 113|0x0000000087100000, 0x0000000087100000, 0x0000000087200000|  0%| F|  |TAMS 0x0000000087100000, 0x0000000087100000| Untracked 
| 114|0x0000000087200000, 0x0000000087200000, 0x0000000087300000|  0%| F|  |TAMS 0x0000000087200000, 0x0000000087200000| Untracked 
| 115|0x0000000087300000, 0x0000000087300000, 0x0000000087400000|  0%| F|  |TAMS 0x0000000087300000, 0x0000000087300000| Untracked 
| 116|0x0000000087400000, 0x0000000087500000, 0x0000000087500000|100%|HS|  |TAMS 0x0000000087400000, 0x0000000087500000| Complete 
| 117|0x0000000087500000, 0x0000000087600000, 0x0000000087600000|100%|HC|  |TAMS 0x0000000087500000, 0x0000000087600000| Complete 
| 118|0x0000000087600000, 0x0000000087700000, 0x0000000087700000|100%|HC|  |TAMS 0x0000000087600000, 0x0000000087700000| Complete 
| 119|0x0000000087700000, 0x0000000087800000, 0x0000000087800000|100%|HC|  |TAMS 0x0000000087700000, 0x0000000087800000| Complete 
| 120|0x0000000087800000, 0x0000000087900000, 0x0000000087900000|100%| O|  |TAMS 0x0000000087800000, 0x0000000087800000| Untracked 
| 121|0x0000000087900000, 0x0000000087991000, 0x0000000087a00000| 56%| O|  |TAMS 0x0000000087900000, 0x0000000087900000| Untracked 
| 122|0x0000000087a00000, 0x0000000087a00000, 0x0000000087b00000|  0%| F|  |TAMS 0x0000000087a00000, 0x0000000087a00000| Untracked 
| 123|0x0000000087b00000, 0x0000000087b00000, 0x0000000087c00000|  0%| F|  |TAMS 0x0000000087b00000, 0x0000000087b00000| Untracked 
| 124|0x0000000087c00000, 0x0000000087c00000, 0x0000000087d00000|  0%| F|  |TAMS 0x0000000087c00000, 0x0000000087c00000| Untracked 
| 125|0x0000000087d00000, 0x0000000087d00000, 0x0000000087e00000|  0%| F|  |TAMS 0x0000000087d00000, 0x0000000087d00000| Untracked 
| 126|0x0000000087e00000, 0x0000000087e00000, 0x0000000087f00000|  0%| F|  |TAMS 0x0000000087e00000, 0x0000000087e00000| Untracked 
| 127|0x0000000087f00000, 0x0000000087f00000, 0x0000000088000000|  0%| F|  |TAMS 0x0000000087f00000, 0x0000000087f00000| Untracked 
| 128|0x0000000088000000, 0x0000000088000000, 0x0000000088100000|  0%| F|  |TAMS 0x0000000088000000, 0x0000000088000000| Untracked 
| 129|0x0000000088100000, 0x0000000088100000, 0x0000000088200000|  0%| F|  |TAMS 0x0000000088100000, 0x0000000088100000| Untracked 
| 130|0x0000000088200000, 0x0000000088200000, 0x0000000088300000|  0%| F|  |TAMS 0x0000000088200000, 0x0000000088200000| Untracked 
| 131|0x0000000088300000, 0x0000000088300000, 0x0000000088400000|  0%| F|  |TAMS 0x0000000088300000, 0x0000000088300000| Untracked 
| 132|0x0000000088400000, 0x0000000088400000, 0x0000000088500000|  0%| F|  |TAMS 0x0000000088400000, 0x0000000088400000| Untracked 
| 133|0x0000000088500000, 0x0000000088500000, 0x0000000088600000|  0%| F|  |TAMS 0x0000000088500000, 0x0000000088500000| Untracked 
| 134|0x0000000088600000, 0x0000000088600000, 0x0000000088700000|  0%| F|  |TAMS 0x0000000088600000, 0x0000000088600000| Untracked 
| 135|0x0000000088700000, 0x0000000088700000, 0x0000000088800000|  0%| F|  |TAMS 0x0000000088700000, 0x0000000088700000| Untracked 
| 136|0x0000000088800000, 0x0000000088800000, 0x0000000088900000|  0%| F|  |TAMS 0x0000000088800000, 0x0000000088800000| Untracked 
| 137|0x0000000088900000, 0x0000000088900000, 0x0000000088a00000|  0%| F|  |TAMS 0x0000000088900000, 0x0000000088900000| Untracked 
| 138|0x0000000088a00000, 0x0000000088a00000, 0x0000000088b00000|  0%| F|  |TAMS 0x0000000088a00000, 0x0000000088a00000| Untracked 
| 139|0x0000000088b00000, 0x0000000088b00000, 0x0000000088c00000|  0%| F|  |TAMS 0x0000000088b00000, 0x0000000088b00000| Untracked 
| 140|0x0000000088c00000, 0x0000000088c00000, 0x0000000088d00000|  0%| F|  |TAMS 0x0000000088c00000, 0x0000000088c00000| Untracked 
| 141|0x0000000088d00000, 0x0000000088d00000, 0x0000000088e00000|  0%| F|  |TAMS 0x0000000088d00000, 0x0000000088d00000| Untracked 
| 142|0x0000000088e00000, 0x0000000088e00000, 0x0000000088f00000|  0%| F|  |TAMS 0x0000000088e00000, 0x0000000088e00000| Untracked 
| 143|0x0000000088f00000, 0x0000000088f00000, 0x0000000089000000|  0%| F|  |TAMS 0x0000000088f00000, 0x0000000088f00000| Untracked 
| 144|0x0000000089000000, 0x0000000089000000, 0x0000000089100000|  0%| F|  |TAMS 0x0000000089000000, 0x0000000089000000| Untracked 
| 145|0x0000000089100000, 0x0000000089100000, 0x0000000089200000|  0%| F|  |TAMS 0x0000000089100000, 0x0000000089100000| Untracked 
| 146|0x0000000089200000, 0x00000000892b5d60, 0x0000000089300000| 71%| S|CS|TAMS 0x0000000089200000, 0x0000000089200000| Complete 
| 147|0x0000000089300000, 0x0000000089400000, 0x0000000089400000|100%| S|CS|TAMS 0x0000000089300000, 0x0000000089300000| Complete 
| 148|0x0000000089400000, 0x0000000089500000, 0x0000000089500000|100%| S|CS|TAMS 0x0000000089400000, 0x0000000089400000| Complete 
| 149|0x0000000089500000, 0x0000000089600000, 0x0000000089600000|100%| S|CS|TAMS 0x0000000089500000, 0x0000000089500000| Complete 
| 150|0x0000000089600000, 0x0000000089700000, 0x0000000089700000|100%| S|CS|TAMS 0x0000000089600000, 0x0000000089600000| Complete 
| 151|0x0000000089700000, 0x0000000089700000, 0x0000000089800000|  0%| F|  |TAMS 0x0000000089700000, 0x0000000089700000| Untracked 
| 152|0x0000000089800000, 0x0000000089800000, 0x0000000089900000|  0%| F|  |TAMS 0x0000000089800000, 0x0000000089800000| Untracked 
| 153|0x0000000089900000, 0x0000000089900000, 0x0000000089a00000|  0%| F|  |TAMS 0x0000000089900000, 0x0000000089900000| Untracked 
| 154|0x0000000089a00000, 0x0000000089a00000, 0x0000000089b00000|  0%| F|  |TAMS 0x0000000089a00000, 0x0000000089a00000| Untracked 
| 155|0x0000000089b00000, 0x0000000089b00000, 0x0000000089c00000|  0%| F|  |TAMS 0x0000000089b00000, 0x0000000089b00000| Untracked 
| 156|0x0000000089c00000, 0x0000000089cd9cc8, 0x0000000089d00000| 85%| E|  |TAMS 0x0000000089c00000, 0x0000000089c00000| Complete 
| 157|0x0000000089d00000, 0x0000000089e00000, 0x0000000089e00000|100%| E|CS|TAMS 0x0000000089d00000, 0x0000000089d00000| Complete 
| 158|0x0000000089e00000, 0x0000000089f00000, 0x0000000089f00000|100%| E|CS|TAMS 0x0000000089e00000, 0x0000000089e00000| Complete 
| 159|0x0000000089f00000, 0x000000008a000000, 0x000000008a000000|100%| E|CS|TAMS 0x0000000089f00000, 0x0000000089f00000| Complete 
| 160|0x000000008a000000, 0x000000008a100000, 0x000000008a100000|100%| E|CS|TAMS 0x000000008a000000, 0x000000008a000000| Complete 
| 161|0x000000008a100000, 0x000000008a200000, 0x000000008a200000|100%| E|CS|TAMS 0x000000008a100000, 0x000000008a100000| Complete 
| 162|0x000000008a200000, 0x000000008a300000, 0x000000008a300000|100%| E|CS|TAMS 0x000000008a200000, 0x000000008a200000| Complete 
| 163|0x000000008a300000, 0x000000008a400000, 0x000000008a400000|100%| E|CS|TAMS 0x000000008a300000, 0x000000008a300000| Complete 
| 164|0x000000008a400000, 0x000000008a500000, 0x000000008a500000|100%| E|CS|TAMS 0x000000008a400000, 0x000000008a400000| Complete 
| 165|0x000000008a500000, 0x000000008a600000, 0x000000008a600000|100%| E|CS|TAMS 0x000000008a500000, 0x000000008a500000| Complete 
| 166|0x000000008a600000, 0x000000008a700000, 0x000000008a700000|100%| E|CS|TAMS 0x000000008a600000, 0x000000008a600000| Complete 
| 167|0x000000008a700000, 0x000000008a800000, 0x000000008a800000|100%| E|CS|TAMS 0x000000008a700000, 0x000000008a700000| Complete 
| 168|0x000000008a800000, 0x000000008a900000, 0x000000008a900000|100%| E|CS|TAMS 0x000000008a800000, 0x000000008a800000| Complete 
| 169|0x000000008a900000, 0x000000008aa00000, 0x000000008aa00000|100%| E|CS|TAMS 0x000000008a900000, 0x000000008a900000| Complete 
| 170|0x000000008aa00000, 0x000000008ab00000, 0x000000008ab00000|100%| E|CS|TAMS 0x000000008aa00000, 0x000000008aa00000| Complete 
| 171|0x000000008ab00000, 0x000000008ac00000, 0x000000008ac00000|100%| E|CS|TAMS 0x000000008ab00000, 0x000000008ab00000| Complete 
| 172|0x000000008ac00000, 0x000000008ad00000, 0x000000008ad00000|100%| E|CS|TAMS 0x000000008ac00000, 0x000000008ac00000| Complete 
| 173|0x000000008ad00000, 0x000000008ae00000, 0x000000008ae00000|100%| E|CS|TAMS 0x000000008ad00000, 0x000000008ad00000| Complete 
| 174|0x000000008ae00000, 0x000000008af00000, 0x000000008af00000|100%| E|CS|TAMS 0x000000008ae00000, 0x000000008ae00000| Complete 
| 175|0x000000008af00000, 0x000000008b000000, 0x000000008b000000|100%| E|CS|TAMS 0x000000008af00000, 0x000000008af00000| Complete 
| 176|0x000000008b000000, 0x000000008b100000, 0x000000008b100000|100%| E|CS|TAMS 0x000000008b000000, 0x000000008b000000| Complete 
| 177|0x000000008b100000, 0x000000008b200000, 0x000000008b200000|100%| E|CS|TAMS 0x000000008b100000, 0x000000008b100000| Complete 
| 178|0x000000008b200000, 0x000000008b300000, 0x000000008b300000|100%| E|CS|TAMS 0x000000008b200000, 0x000000008b200000| Complete 
| 179|0x000000008b300000, 0x000000008b400000, 0x000000008b400000|100%| E|CS|TAMS 0x000000008b300000, 0x000000008b300000| Complete 
| 180|0x000000008b400000, 0x000000008b500000, 0x000000008b500000|100%| E|CS|TAMS 0x000000008b400000, 0x000000008b400000| Complete 
| 181|0x000000008b500000, 0x000000008b600000, 0x000000008b600000|100%| E|CS|TAMS 0x000000008b500000, 0x000000008b500000| Complete 
| 182|0x000000008b600000, 0x000000008b700000, 0x000000008b700000|100%| E|CS|TAMS 0x000000008b600000, 0x000000008b600000| Complete 
| 183|0x000000008b700000, 0x000000008b800000, 0x000000008b800000|100%| E|CS|TAMS 0x000000008b700000, 0x000000008b700000| Complete 
|2046|0x00000000ffe00000, 0x00000000fff00000, 0x00000000fff00000|100%| O|  |TAMS 0x00000000fff00000, 0x00000000fff00000| Untracked 
|2047|0x00000000fff00000, 0x0000000100000000, 0x0000000100000000|100%| O|  |TAMS 0x0000000100000000, 0x0000000100000000| Untracked 

Card table byte_map: [0x00000190cdb30000,0x00000190cdf30000] _byte_map_base: 0x00000190cd730000

Marking Bits (Prev, Next): (CMBitMap*) 0x00000190b6f0be70, (CMBitMap*) 0x00000190b6f0beb0
 Prev Bits: [0x00000190ce330000, 0x00000190d0330000)
 Next Bits: [0x00000190d0330000, 0x00000190d2330000)

Polling page: 0x00000190b66b0000

Metaspace:

Usage:
  Non-class:     73.18 MB used.
      Class:     10.96 MB used.
       Both:     84.13 MB used.

Virtual space:
  Non-class space:       80.00 MB reserved,      73.50 MB ( 92%) committed,  10 nodes.
      Class space:        1.00 GB reserved,      11.25 MB (  1%) committed,  1 nodes.
             Both:        1.08 GB reserved,      84.75 MB (  8%) committed. 

Chunk freelists:
   Non-Class:  2.16 MB
       Class:  656.00 KB
        Both:  2.80 MB

MaxMetaspaceSize: unlimited
CompressedClassSpaceSize: 1.00 GB
Initial GC threshold: 21.00 MB
Current GC threshold: 84.94 MB
CDS: on
MetaspaceReclaimPolicy: balanced
 - commit_granule_bytes: 65536.
 - commit_granule_words: 8192.
 - virtual_space_node_default_size: 1048576.
 - enlarge_chunks_in_place: 1.
 - new_chunks_are_fully_committed: 0.
 - uncommit_free_chunks: 1.
 - use_allocation_guard: 0.
 - handle_deallocations: 1.


Internal statistics:

num_allocs_failed_limit: 6.
num_arena_births: 788.
num_arena_deaths: 0.
num_vsnodes_births: 11.
num_vsnodes_deaths: 0.
num_space_committed: 1355.
num_space_uncommitted: 0.
num_chunks_returned_to_freelist: 6.
num_chunks_taken_from_freelist: 4181.
num_chunk_merges: 6.
num_chunk_splits: 2812.
num_chunks_enlarged: 1931.
num_purges: 0.
num_inconsistent_stats: 0.

CodeHeap 'non-profiled nmethods': size=120064Kb used=6701Kb max_used=6701Kb free=113362Kb
 bounds [0x00000190c61f0000, 0x00000190c6880000, 0x00000190cd730000]
CodeHeap 'profiled nmethods': size=120000Kb used=23291Kb max_used=23291Kb free=96708Kb
 bounds [0x00000190becc0000, 0x00000190c0390000, 0x00000190c61f0000]
CodeHeap 'non-nmethods': size=5696Kb used=2425Kb max_used=2425Kb free=3270Kb
 bounds [0x00000190be730000, 0x00000190be9a0000, 0x00000190becc0000]
 total_blobs=12145 nmethods=11226 adapters=830
 compilation: enabled
              stopped_count=0, restarted_count=0
 full_count=0

Compilation events (20 events):
Event: 125.045 Thread 0x00000190d4459da0 12947       2       com.android.aapt.Resources$Item::writeTo (153 bytes)
Event: 125.046 Thread 0x00000190d4459da0 nmethod 12947 0x00000190c037b310 code [0x00000190c037b520, 0x00000190c037b9f8]
Event: 125.046 Thread 0x00000190d4459da0 12948       2       com.android.aapt.Resources$Primitive::writeTo (343 bytes)
Event: 125.047 Thread 0x00000190d4459da0 nmethod 12948 0x00000190c037bc10 code [0x00000190c037bec0, 0x00000190c037c7a8]
Event: 125.066 Thread 0x00000190d4459da0 12949       2       com.android.aapt.Resources$Id::writeTo (9 bytes)
Event: 125.066 Thread 0x00000190d4459da0 nmethod 12949 0x00000190c037cd10 code [0x00000190c037cea0, 0x00000190c037cfc8]
Event: 125.067 Thread 0x00000190d4459da0 12950       2       com.android.aapt.Resources$String::getSerializedSize (52 bytes)
Event: 125.068 Thread 0x00000190d4459da0 nmethod 12950 0x00000190c037d090 code [0x00000190c037d2c0, 0x00000190c037d948]
Event: 125.071 Thread 0x00000190d4459da0 12951       2       com.android.aapt.Resources$String::getValueBytes (32 bytes)
Event: 125.072 Thread 0x00000190d4459da0 nmethod 12951 0x00000190c037dd10 code [0x00000190c037dee0, 0x00000190c037e338]
Event: 125.072 Thread 0x00000190d4459da0 12952       2       com.android.aapt.Resources$Style$Entry::getSource (18 bytes)
Event: 125.073 Thread 0x00000190d4459da0 nmethod 12952 0x00000190c037e510 code [0x00000190c037e6a0, 0x00000190c037e7b8]
Event: 125.073 Thread 0x00000190d4459da0 12953       2       com.android.aapt.Resources$Style$Entry::getCommentBytes (32 bytes)
Event: 125.073 Thread 0x00000190d4459da0 nmethod 12953 0x00000190c037e890 code [0x00000190c037ea60, 0x00000190c037eeb8]
Event: 125.073 Thread 0x00000190d4459da0 12954       2       com.android.aapt.Resources$Style$Entry::getKey (18 bytes)
Event: 125.074 Thread 0x00000190d4459da0 nmethod 12954 0x00000190c037f090 code [0x00000190c037f220, 0x00000190c037f338]
Event: 125.075 Thread 0x00000190d4459da0 12955       2       com.android.aapt.Resources$Style$Entry::getItem (18 bytes)
Event: 125.075 Thread 0x00000190d4459da0 nmethod 12955 0x00000190c037f410 code [0x00000190c037f5a0, 0x00000190c037f6b8]
Event: 125.076 Thread 0x00000190d4459da0 12957       2       com.android.aapt.Resources$Style$Entry::writeTo (76 bytes)
Event: 125.077 Thread 0x00000190d4459da0 nmethod 12957 0x00000190c037f790 code [0x00000190c037f9c0, 0x00000190c0380098]

GC Heap History (20 events):
Event: 75.383 GC heap before
{Heap before GC invocations=37 (full 0):
 garbage-first heap   total 158720K, used 126976K [0x0000000080000000, 0x0000000100000000)
  region size 1024K, 62 young (63488K), 8 survivors (8192K)
 Metaspace       used 73088K, committed 73664K, reserved 1114112K
  class space    used 9855K, committed 10112K, reserved 1048576K
}
Event: 75.424 GC heap after
{Heap after GC invocations=38 (full 0):
 garbage-first heap   total 158720K, used 77312K [0x0000000080000000, 0x0000000100000000)
  region size 1024K, 6 young (6144K), 6 survivors (6144K)
 Metaspace       used 73088K, committed 73664K, reserved 1114112K
  class space    used 9855K, committed 10112K, reserved 1048576K
}
Event: 86.145 GC heap before
{Heap before GC invocations=38 (full 0):
 garbage-first heap   total 158720K, used 126464K [0x0000000080000000, 0x0000000100000000)
  region size 1024K, 55 young (56320K), 6 survivors (6144K)
 Metaspace       used 76434K, committed 77056K, reserved 1122304K
  class space    used 10257K, committed 10560K, reserved 1048576K
}
Event: 86.237 GC heap after
{Heap after GC invocations=39 (full 0):
 garbage-first heap   total 158720K, used 83968K [0x0000000080000000, 0x0000000100000000)
  region size 1024K, 7 young (7168K), 7 survivors (7168K)
 Metaspace       used 76434K, committed 77056K, reserved 1122304K
  class space    used 10257K, committed 10560K, reserved 1048576K
}
Event: 97.063 GC heap before
{Heap before GC invocations=39 (full 0):
 garbage-first heap   total 158720K, used 128000K [0x0000000080000000, 0x0000000100000000)
  region size 1024K, 51 young (52224K), 7 survivors (7168K)
 Metaspace       used 76775K, committed 77376K, reserved 1122304K
  class space    used 10265K, committed 10560K, reserved 1048576K
}
Event: 97.093 GC heap after
{Heap after GC invocations=40 (full 0):
 garbage-first heap   total 158720K, used 86509K [0x0000000080000000, 0x0000000100000000)
  region size 1024K, 3 young (3072K), 3 survivors (3072K)
 Metaspace       used 76775K, committed 77376K, reserved 1122304K
  class space    used 10265K, committed 10560K, reserved 1048576K
}
Event: 107.971 GC heap before
{Heap before GC invocations=40 (full 0):
 garbage-first heap   total 158720K, used 131565K [0x0000000080000000, 0x0000000100000000)
  region size 1024K, 46 young (47104K), 3 survivors (3072K)
 Metaspace       used 78022K, committed 78720K, reserved 1122304K
  class space    used 10418K, committed 10752K, reserved 1048576K
}
Event: 108.013 GC heap after
{Heap after GC invocations=41 (full 0):
 garbage-first heap   total 158720K, used 96768K [0x0000000080000000, 0x0000000100000000)
  region size 1024K, 6 young (6144K), 6 survivors (6144K)
 Metaspace       used 78022K, committed 78720K, reserved 1122304K
  class space    used 10418K, committed 10752K, reserved 1048576K
}
Event: 112.136 GC heap before
{Heap before GC invocations=41 (full 0):
 garbage-first heap   total 158720K, used 125440K [0x0000000080000000, 0x0000000100000000)
  region size 1024K, 35 young (35840K), 6 survivors (6144K)
 Metaspace       used 78721K, committed 79424K, reserved 1122304K
  class space    used 10487K, committed 10816K, reserved 1048576K
}
Event: 112.193 GC heap after
{Heap after GC invocations=42 (full 0):
 garbage-first heap   total 158720K, used 107520K [0x0000000080000000, 0x0000000100000000)
  region size 1024K, 5 young (5120K), 5 survivors (5120K)
 Metaspace       used 78721K, committed 79424K, reserved 1122304K
  class space    used 10487K, committed 10816K, reserved 1048576K
}
Event: 113.317 GC heap before
{Heap before GC invocations=42 (full 0):
 garbage-first heap   total 158720K, used 134144K [0x0000000080000000, 0x0000000100000000)
  region size 1024K, 24 young (24576K), 5 survivors (5120K)
 Metaspace       used 78776K, committed 79424K, reserved 1122304K
  class space    used 10492K, committed 10816K, reserved 1048576K
}
Event: 113.363 GC heap after
{Heap after GC invocations=43 (full 0):
 garbage-first heap   total 158720K, used 114176K [0x0000000080000000, 0x0000000100000000)
  region size 1024K, 2 young (2048K), 2 survivors (2048K)
 Metaspace       used 78776K, committed 79424K, reserved 1122304K
  class space    used 10492K, committed 10816K, reserved 1048576K
}
Event: 119.774 GC heap before
{Heap before GC invocations=43 (full 0):
 garbage-first heap   total 158720K, used 130560K [0x0000000080000000, 0x0000000100000000)
  region size 1024K, 18 young (18432K), 2 survivors (2048K)
 Metaspace       used 80798K, committed 81472K, reserved 1122304K
  class space    used 10755K, committed 11072K, reserved 1048576K
}
Event: 119.784 GC heap after
{Heap after GC invocations=44 (full 0):
 garbage-first heap   total 190464K, used 113152K [0x0000000080000000, 0x0000000100000000)
  region size 1024K, 1 young (1024K), 1 survivors (1024K)
 Metaspace       used 80798K, committed 81472K, reserved 1122304K
  class space    used 10755K, committed 11072K, reserved 1048576K
}
Event: 120.861 GC heap before
{Heap before GC invocations=44 (full 0):
 garbage-first heap   total 190464K, used 148992K [0x0000000080000000, 0x0000000100000000)
  region size 1024K, 29 young (29696K), 1 survivors (1024K)
 Metaspace       used 80889K, committed 81536K, reserved 1122304K
  class space    used 10760K, committed 11072K, reserved 1048576K
}
Event: 120.893 GC heap after
{Heap after GC invocations=45 (full 0):
 garbage-first heap   total 190464K, used 122414K [0x0000000080000000, 0x0000000100000000)
  region size 1024K, 5 young (5120K), 5 survivors (5120K)
 Metaspace       used 80889K, committed 81536K, reserved 1122304K
  class space    used 10760K, committed 11072K, reserved 1048576K
}
Event: 121.079 GC heap before
{Heap before GC invocations=45 (full 0):
 garbage-first heap   total 190464K, used 126510K [0x0000000080000000, 0x0000000100000000)
  region size 1024K, 6 young (6144K), 5 survivors (5120K)
 Metaspace       used 80889K, committed 81536K, reserved 1122304K
  class space    used 10760K, committed 11072K, reserved 1048576K
}
Event: 121.099 GC heap after
{Heap after GC invocations=46 (full 0):
 garbage-first heap   total 190464K, used 123261K [0x0000000080000000, 0x0000000100000000)
  region size 1024K, 1 young (1024K), 1 survivors (1024K)
 Metaspace       used 80889K, committed 81536K, reserved 1122304K
  class space    used 10760K, committed 11072K, reserved 1048576K
}
Event: 123.552 GC heap before
{Heap before GC invocations=46 (full 0):
 garbage-first heap   total 190464K, used 159101K [0x0000000080000000, 0x0000000100000000)
  region size 1024K, 33 young (33792K), 1 survivors (1024K)
 Metaspace       used 84001K, committed 84672K, reserved 1122304K
  class space    used 11037K, committed 11328K, reserved 1048576K
}
Event: 123.576 GC heap after
{Heap after GC invocations=47 (full 0):
 garbage-first heap   total 190464K, used 127259K [0x0000000080000000, 0x0000000100000000)
  region size 1024K, 5 young (5120K), 5 survivors (5120K)
 Metaspace       used 84001K, committed 84672K, reserved 1122304K
  class space    used 11037K, committed 11328K, reserved 1048576K
}

Deoptimization events (20 events):
Event: 123.194 Thread 0x00000190d6830760 DEOPT PACKING pc=0x00000190c67b3120 sp=0x0000000ce61f9680
Event: 123.194 Thread 0x00000190d6830760 DEOPT UNPACKING pc=0x00000190be78239d sp=0x0000000ce61f9640 mode 2
Event: 123.232 Thread 0x00000190d670b8d0 Uncommon trap: trap_request=0xffffff45 fr.pc=0x00000190c6846fb0 relative=0x00000000000000b0
Event: 123.232 Thread 0x00000190d670b8d0 Uncommon trap: reason=unstable_if action=reinterpret pc=0x00000190c6846fb0 method=com.ctc.wstx.io.WstxInputData.isNameChar(C)Z @ 49 c2
Event: 123.232 Thread 0x00000190d670b8d0 DEOPT PACKING pc=0x00000190c6846fb0 sp=0x0000000ce8efdaf0
Event: 123.232 Thread 0x00000190d670b8d0 DEOPT UNPACKING pc=0x00000190be78239d sp=0x0000000ce8efda78 mode 2
Event: 123.282 Thread 0x00000190d670b8d0 Uncommon trap: trap_request=0xffffff45 fr.pc=0x00000190c6843ea8 relative=0x0000000000003e48
Event: 123.282 Thread 0x00000190d670b8d0 Uncommon trap: reason=unstable_if action=reinterpret pc=0x00000190c6843ea8 method=com.ctc.wstx.sr.AttributeCollector.buildAttrOb()Lcom/ctc/wstx/sr/ElemAttrs; @ 6 c2
Event: 123.282 Thread 0x00000190d670b8d0 DEOPT PACKING pc=0x00000190c6843ea8 sp=0x0000000ce8efd6b0
Event: 123.282 Thread 0x00000190d670b8d0 DEOPT UNPACKING pc=0x00000190be78239d sp=0x0000000ce8efd5a8 mode 2
Event: 123.711 Thread 0x00000190d6830760 DEOPT PACKING pc=0x00000190c027b010 sp=0x0000000ce61f61a0
Event: 123.711 Thread 0x00000190d6830760 DEOPT UNPACKING pc=0x00000190be782b24 sp=0x0000000ce61f56e0 mode 0
Event: 124.013 Thread 0x00000190d6830760 Uncommon trap: trap_request=0xffffffc6 fr.pc=0x00000190c663548c relative=0x00000000000003ac
Event: 124.013 Thread 0x00000190d6830760 Uncommon trap: reason=bimorphic_or_optimized_type_check action=maybe_recompile pc=0x00000190c663548c method=java.util.Spliterators$IteratorSpliterator.tryAdvance(Ljava/util/function/Consumer;)Z @ 68 c2
Event: 124.013 Thread 0x00000190d6830760 DEOPT PACKING pc=0x00000190c663548c sp=0x0000000ce61f68a0
Event: 124.014 Thread 0x00000190d6830760 DEOPT UNPACKING pc=0x00000190be78239d sp=0x0000000ce61f6838 mode 2
Event: 124.725 Thread 0x00000190d6830760 Uncommon trap: trap_request=0xffffff45 fr.pc=0x00000190c68154f0 relative=0x0000000000000070
Event: 124.725 Thread 0x00000190d6830760 Uncommon trap: reason=unstable_if action=reinterpret pc=0x00000190c68154f0 method=org.apache.xerces.dom.ElementImpl.getTagName()Ljava/lang/String; @ 4 c2
Event: 124.725 Thread 0x00000190d6830760 DEOPT PACKING pc=0x00000190c68154f0 sp=0x0000000ce61f6800
Event: 124.725 Thread 0x00000190d6830760 DEOPT UNPACKING pc=0x00000190be78239d sp=0x0000000ce61f6798 mode 2

Classes unloaded (0 events):
No events

Classes redefined (0 events):
No events

Internal exceptions (20 events):
Event: 77.054 Thread 0x00000190d6708d80 Exception <a 'java/lang/IncompatibleClassChangeError'{0x00000000889d4308}: Found class java.lang.Object, but interface was expected> (0x00000000889d4308) 
thrown [t:\workspace\open\src\hotspot\share\interpreter\linkResolver.cpp, line 833]
Event: 77.099 Thread 0x00000190d6708d80 Exception <a 'java/lang/IncompatibleClassChangeError'{0x00000000889ea370}: Found class java.lang.Object, but interface was expected> (0x00000000889ea370) 
thrown [t:\workspace\open\src\hotspot\share\interpreter\linkResolver.cpp, line 833]
Event: 80.848 Thread 0x00000190d6708d80 Exception <a 'java/lang/NoSuchMethodError'{0x000000008798c240}: 'void java.lang.invoke.DirectMethodHandle$Holder.invokeStatic(java.lang.Object, java.lang.Object, java.lang.Object, java.lang.Object, int, java.lang.Object, java.lang.Object)'> (0x000000008798c240) 
thrown [t:\workspace\open\src\hotspot\share\interpreter\linkResolver.cpp, line 766]
Event: 80.927 Thread 0x00000190d6b85d50 Exception <a 'java/lang/NoSuchMethodError'{0x0000000087792e40}: 'java.lang.Object java.lang.invoke.DirectMethodHandle$Holder.invokeSpecialIFC(java.lang.Object, java.lang.Object, java.lang.Object)'> (0x0000000087792e40) 
thrown [t:\workspace\open\src\hotspot\share\interpreter\linkResolver.cpp, line 766]
Event: 81.385 Thread 0x00000190d6b85d50 Exception <a 'java/lang/NoSuchMethodError'{0x0000000087554bc8}: 'int java.lang.invoke.DirectMethodHandle$Holder.invokeStaticInit(java.lang.Object, java.lang.Object, java.lang.Object, java.lang.Object, java.lang.Object)'> (0x0000000087554bc8) 
thrown [t:\workspace\open\src\hotspot\share\interpreter\linkResolver.cpp, line 766]
Event: 85.272 Thread 0x00000190d6b89710 Exception <a 'java/lang/NoSuchMethodError'{0x0000000086a97818}: 'void java.lang.invoke.DirectMethodHandle$Holder.invokeVirtual(java.lang.Object, java.lang.Object)'> (0x0000000086a97818) 
thrown [t:\workspace\open\src\hotspot\share\interpreter\linkResolver.cpp, line 766]
Event: 108.332 Thread 0x00000190d6708d80 Implicit null exception at 0x00000190c6347a45 to 0x00000190c63483b8
Event: 112.051 Thread 0x00000190d6708d80 Implicit null exception at 0x00000190c678b73b to 0x00000190c678c3c8
Event: 112.051 Thread 0x00000190d6708d80 Implicit null exception at 0x00000190c631ee07 to 0x00000190c631f00c
Event: 112.051 Thread 0x00000190d6708d80 Implicit null exception at 0x00000190c64577e4 to 0x00000190c64579b0
Event: 113.311 Thread 0x00000190d6708d80 Implicit null exception at 0x00000190c67b43bc to 0x00000190c67b5d98
Event: 118.944 Thread 0x00000190d6708d80 Exception <a 'java/lang/NoSuchMethodError'{0x0000000089519728}: 'java.lang.Object java.lang.invoke.Invokers$Holder.invoke_MT(java.lang.Object, java.lang.Object, java.lang.Object)'> (0x0000000089519728) 
thrown [t:\workspace\open\src\hotspot\share\interpreter\linkResolver.cpp, line 766]
Event: 121.273 Thread 0x00000190d6708d80 Exception <a 'java/lang/NoSuchMethodError'{0x000000008b53dc20}: static Ljava/lang/Object;.<clinit>()V> (0x000000008b53dc20) 
thrown [t:\workspace\open\src\hotspot\share\prims\jni.cpp, line 1107]
Event: 121.275 Thread 0x00000190d6708d80 Exception <a 'java/lang/NoSuchMethodError'{0x000000008b5544a0}: static Ljava/lang/Object;.<clinit>()V> (0x000000008b5544a0) 
thrown [t:\workspace\open\src\hotspot\share\prims\jni.cpp, line 1107]
Event: 121.276 Thread 0x00000190d6708d80 Exception <a 'java/lang/NoSuchMethodError'{0x000000008b565b50}: static Ljava/lang/Object;.<clinit>()V> (0x000000008b565b50) 
thrown [t:\workspace\open\src\hotspot\share\prims\jni.cpp, line 1107]
Event: 121.278 Thread 0x00000190d6708d80 Exception <a 'java/lang/NoSuchMethodError'{0x000000008b577018}: static Ljava/lang/Object;.<clinit>()V> (0x000000008b577018) 
thrown [t:\workspace\open\src\hotspot\share\prims\jni.cpp, line 1107]
Event: 121.309 Thread 0x00000190d6708d80 Exception <a 'java/lang/NoSuchMethodError'{0x000000008b495610}: static Lkotlin/InitializedLazyImpl;.<clinit>()V> (0x000000008b495610) 
thrown [t:\workspace\open\src\hotspot\share\prims\jni.cpp, line 1107]
Event: 121.343 Thread 0x00000190d6708d80 Exception <a 'java/lang/NoSuchMethodError'{0x000000008b314928}: static [Ljava/lang/Object;.<clinit>()V> (0x000000008b314928) 
thrown [t:\workspace\open\src\hotspot\share\prims\jni.cpp, line 1107]
Event: 124.253 Thread 0x00000190d6830760 Exception <a 'sun/nio/fs/WindowsException'{0x000000008b04d078}> (0x000000008b04d078) 
thrown [t:\workspace\open\src\hotspot\share\prims\jni.cpp, line 516]
Event: 125.100 Thread 0x00000190d6830760 Exception <a 'java/lang/NoSuchMethodError'{0x0000000089c7dff8}: 'void java.lang.invoke.DirectMethodHandle$Holder.invokeStatic(java.lang.Object, java.lang.Object, java.lang.Object, java.lang.Object, java.lang.Object, java.lang.Object, java.lang.Object)'> (0x0000000089c7dff8) 
thrown [t:\workspace\open\src\hotspot\share\interpreter\linkResolver.cpp, line 766]

VM Operations (20 events):
Event: 121.079 Executing VM operation: G1TryInitiateConcMark
Event: 121.103 Executing VM operation: G1TryInitiateConcMark done
Event: 121.348 Executing VM operation: HandshakeAllThreads
Event: 121.348 Executing VM operation: HandshakeAllThreads done
Event: 121.845 Executing VM operation: HandshakeAllThreads
Event: 121.845 Executing VM operation: HandshakeAllThreads done
Event: 121.846 Executing VM operation: HandshakeAllThreads
Event: 121.847 Executing VM operation: HandshakeAllThreads done
Event: 122.337 Executing VM operation: HandshakeAllThreads
Event: 122.338 Executing VM operation: HandshakeAllThreads done
Event: 122.338 Executing VM operation: Cleanup
Event: 122.342 Executing VM operation: Cleanup done
Event: 122.528 Executing VM operation: HandshakeAllThreads
Event: 122.528 Executing VM operation: HandshakeAllThreads done
Event: 123.531 Executing VM operation: Cleanup
Event: 123.552 Executing VM operation: Cleanup done
Event: 123.552 Executing VM operation: G1CollectForAllocation
Event: 123.576 Executing VM operation: G1CollectForAllocation done
Event: 124.677 Executing VM operation: Cleanup
Event: 124.677 Executing VM operation: Cleanup done

Events (20 events):
Event: 121.918 loading class javax/xml/stream/events/Characters
Event: 121.918 loading class javax/xml/stream/events/Characters done
Event: 121.931 loading class javax/xml/stream/events/EndElement
Event: 121.931 loading class javax/xml/stream/events/EndElement done
Event: 122.177 loading class java/util/Spliterators$2Adapter
Event: 122.203 loading class java/util/PrimitiveIterator$OfInt
Event: 122.203 loading class java/util/PrimitiveIterator
Event: 122.204 loading class java/util/PrimitiveIterator done
Event: 122.204 loading class java/util/PrimitiveIterator$OfInt done
Event: 122.204 loading class java/util/Spliterators$2Adapter done
Event: 122.336 loading class javax/xml/stream/events/Namespace
Event: 122.336 loading class javax/xml/stream/events/Namespace done
Event: 122.553 loading class java/lang/StringUTF16$CodePointsSpliterator
Event: 122.577 loading class java/lang/StringUTF16$CodePointsSpliterator done
Event: 123.224 loading class java/util/LinkedList$LLSpliterator
Event: 123.243 loading class java/util/LinkedList$LLSpliterator done
Event: 123.895 loading class java/nio/file/StandardCopyOption
Event: 123.950 loading class java/nio/file/StandardCopyOption done
Event: 123.950 loading class sun/nio/fs/WindowsFileCopy
Event: 123.956 loading class sun/nio/fs/WindowsFileCopy done


Dynamic libraries:
0x00007ff7249f0000 - 0x00007ff724a00000 	C:\Program Files\Java\jdk-17.0.2\bin\java.exe
0x00007fff13110000 - 0x00007fff13305000 	C:\Windows\SYSTEM32\ntdll.dll
0x00007fff11c60000 - 0x00007fff11d1e000 	C:\Windows\System32\KERNEL32.DLL
0x00007fff10e60000 - 0x00007fff11129000 	C:\Windows\System32\KERNELBASE.dll
0x00007fff108d0000 - 0x00007fff109d0000 	C:\Windows\System32\ucrtbase.dll
0x00007ffeefb90000 - 0x00007ffeefbaa000 	C:\Program Files\Java\jdk-17.0.2\bin\VCRUNTIME140.dll
0x00007ffeefb70000 - 0x00007ffeefb88000 	C:\Program Files\Java\jdk-17.0.2\bin\jli.dll
0x00007fff12ba0000 - 0x00007fff12c4c000 	C:\Windows\System32\ADVAPI32.dll
0x00007fff11b30000 - 0x00007fff11bce000 	C:\Windows\System32\msvcrt.dll
0x00007fff11640000 - 0x00007fff116db000 	C:\Windows\System32\sechost.dll
0x00007fff12e80000 - 0x00007fff12faa000 	C:\Windows\System32\RPCRT4.dll
0x00007fff079a0000 - 0x00007fff07c3a000 	C:\Windows\WinSxS\amd64_microsoft.windows.common-controls_6595b64144ccf1df_6.0.19041.1110_none_60b5254171f9507e\COMCTL32.dll
0x00007fff116f0000 - 0x00007fff11891000 	C:\Windows\System32\USER32.dll
0x00007fff11130000 - 0x00007fff11152000 	C:\Windows\System32\win32u.dll
0x00007fff11bd0000 - 0x00007fff11bfb000 	C:\Windows\System32\GDI32.dll
0x00007fff10b60000 - 0x00007fff10c6b000 	C:\Windows\System32\gdi32full.dll
0x00007fff10830000 - 0x00007fff108cd000 	C:\Windows\System32\msvcp_win.dll
0x00007fff0b260000 - 0x00007fff0b26a000 	C:\Windows\SYSTEM32\VERSION.dll
0x00007fff11520000 - 0x00007fff11550000 	C:\Windows\System32\IMM32.DLL
0x00007fff072a0000 - 0x00007fff072ac000 	C:\Program Files\Java\jdk-17.0.2\bin\vcruntime140_1.dll
0x00007ffee3f40000 - 0x00007ffee3fcd000 	C:\Program Files\Java\jdk-17.0.2\bin\msvcp140.dll
0x00007ffed8170000 - 0x00007ffed8d31000 	C:\Program Files\Java\jdk-17.0.2\bin\server\jvm.dll
0x00007fff116e0000 - 0x00007fff116e8000 	C:\Windows\System32\PSAPI.DLL
0x00007fff09740000 - 0x00007fff09749000 	C:\Windows\SYSTEM32\WSOCK32.dll
0x00007fff12e10000 - 0x00007fff12e7b000 	C:\Windows\System32\WS2_32.dll
0x00007fff0bc60000 - 0x00007fff0bc87000 	C:\Windows\SYSTEM32\WINMM.dll
0x00007fff0e910000 - 0x00007fff0e922000 	C:\Windows\SYSTEM32\kernel.appcore.dll
0x00007fff002f0000 - 0x00007fff002fa000 	C:\Program Files\Java\jdk-17.0.2\bin\jimage.dll
0x00007ffefe690000 - 0x00007ffefe874000 	C:\Windows\SYSTEM32\DBGHELP.DLL
0x00007ffefe660000 - 0x00007ffefe68c000 	C:\Windows\SYSTEM32\dbgcore.DLL
0x00007fff10dd0000 - 0x00007fff10e53000 	C:\Windows\System32\bcryptPrimitives.dll
0x00007ffee8570000 - 0x00007ffee8595000 	C:\Program Files\Java\jdk-17.0.2\bin\java.dll
0x00007ffee3e60000 - 0x00007ffee3f36000 	C:\Program Files\Java\jdk-17.0.2\bin\jsvml.dll
0x00007fff12460000 - 0x00007fff12b9f000 	C:\Windows\System32\SHELL32.dll
0x00007fff0e930000 - 0x00007fff0f0c0000 	C:\Windows\SYSTEM32\windows.storage.dll
0x00007fff111c0000 - 0x00007fff11515000 	C:\Windows\System32\combase.dll
0x00007fff10280000 - 0x00007fff102ac000 	C:\Windows\SYSTEM32\Wldp.dll
0x00007fff11d20000 - 0x00007fff11dce000 	C:\Windows\System32\SHCORE.dll
0x00007fff118a0000 - 0x00007fff118f5000 	C:\Windows\System32\shlwapi.dll
0x00007fff10770000 - 0x00007fff1078f000 	C:\Windows\SYSTEM32\profapi.dll
0x00007ffeefb50000 - 0x00007ffeefb69000 	C:\Program Files\Java\jdk-17.0.2\bin\net.dll
0x00007fff04560000 - 0x00007fff04668000 	C:\Windows\SYSTEM32\WINHTTP.dll
0x00007fff0ffe0000 - 0x00007fff1004a000 	C:\Windows\system32\mswsock.dll
0x00007ffeee0b0000 - 0x00007ffeee0c6000 	C:\Program Files\Java\jdk-17.0.2\bin\nio.dll
0x00007ffee4730000 - 0x00007ffee4748000 	C:\Program Files\Java\jdk-17.0.2\bin\zip.dll
0x00007ffefe020000 - 0x00007ffefe030000 	C:\Program Files\Java\jdk-17.0.2\bin\verify.dll
0x00007ffef4910000 - 0x00007ffef4937000 	C:\Users\USER\.gradle\native\e1d6ef7f7dcc3fd88c89a11ec53ec762bb8ba0a96d01ffa2cd45eb1d1d8dd5c5\windows-amd64\native-platform.dll
0x00007ffee1e40000 - 0x00007ffee1f84000 	C:\Users\USER\.gradle\native\5664cfc778a61ccfe75a443a1ab52a65af34e5dc3c78e0209fed803814484fcb\windows-amd64\native-platform-file-events.dll
0x00007ffefc8b0000 - 0x00007ffefc8b9000 	C:\Program Files\Java\jdk-17.0.2\bin\management.dll
0x00007ffefc800000 - 0x00007ffefc80b000 	C:\Program Files\Java\jdk-17.0.2\bin\management_ext.dll
0x00007fff101d0000 - 0x00007fff101e8000 	C:\Windows\SYSTEM32\CRYPTSP.dll
0x00007fff0f8f0000 - 0x00007fff0f924000 	C:\Windows\system32\rsaenh.dll
0x00007fff10b30000 - 0x00007fff10b57000 	C:\Windows\System32\bcrypt.dll
0x00007fff106f0000 - 0x00007fff1071e000 	C:\Windows\SYSTEM32\USERENV.dll
0x00007fff101f0000 - 0x00007fff101fc000 	C:\Windows\SYSTEM32\CRYPTBASE.dll
0x00007fff0fc80000 - 0x00007fff0fcbb000 	C:\Windows\SYSTEM32\IPHLPAPI.DLL
0x00007fff12e00000 - 0x00007fff12e08000 	C:\Windows\System32\NSI.dll
0x00007fff05300000 - 0x00007fff05317000 	C:\Windows\SYSTEM32\dhcpcsvc6.DLL
0x00007fff053d0000 - 0x00007fff053ed000 	C:\Windows\SYSTEM32\dhcpcsvc.DLL
0x00007fff0fcd0000 - 0x00007fff0fd9c000 	C:\Windows\SYSTEM32\DNSAPI.dll
0x00007ffefc4f0000 - 0x00007ffefc4fe000 	C:\Program Files\Java\jdk-17.0.2\bin\sunmscapi.dll
0x00007fff10c70000 - 0x00007fff10dc6000 	C:\Windows\System32\CRYPT32.dll
0x00007fff102f0000 - 0x00007fff10317000 	C:\Windows\SYSTEM32\ncrypt.dll
0x00007fff102b0000 - 0x00007fff102eb000 	C:\Windows\SYSTEM32\NTASN1.dll
0x00007ffefc1c0000 - 0x00007ffefc1c7000 	C:\Windows\system32\wshunix.dll
0x00007fff0f520000 - 0x00007fff0f553000 	C:\Windows\SYSTEM32\ntmarta.dll

dbghelp: loaded successfully - version: 4.0.5 - missing functions: none
symbol engine: initialized successfully - sym options: 0x614 - pdb path: .;C:\Program Files\Java\jdk-17.0.2\bin;C:\Windows\SYSTEM32;C:\Windows\WinSxS\amd64_microsoft.windows.common-controls_6595b64144ccf1df_6.0.19041.1110_none_60b5254171f9507e;C:\Program Files\Java\jdk-17.0.2\bin\server;C:\Users\USER\.gradle\native\e1d6ef7f7dcc3fd88c89a11ec53ec762bb8ba0a96d01ffa2cd45eb1d1d8dd5c5\windows-amd64;C:\Users\USER\.gradle\native\5664cfc778a61ccfe75a443a1ab52a65af34e5dc3c78e0209fed803814484fcb\windows-amd64

VM Arguments:
jvm_args: --add-opens=java.base/java.util=ALL-UNNAMED --add-opens=java.base/java.lang=ALL-UNNAMED --add-opens=java.base/java.lang.invoke=ALL-UNNAMED --add-opens=java.base/java.util=ALL-UNNAMED --add-opens=java.prefs/java.util.prefs=ALL-UNNAMED --add-opens=java.prefs/java.util.prefs=ALL-UNNAMED --add-opens=java.base/java.nio.charset=ALL-UNNAMED --add-opens=java.base/java.net=ALL-UNNAMED --add-opens=java.base/java.util.concurrent.atomic=ALL-UNNAMED -Xmx2048m -Dfile.encoding=UTF-8 -Duser.country=US -Duser.language=en -Duser.variant 
java_command: org.gradle.launcher.daemon.bootstrap.GradleDaemon 7.2
java_class_path (initial): C:\Users\USER\.gradle\wrapper\dists\gradle-7.2-bin\2dnblmf4td7x66yl1d74lt32g\gradle-7.2\lib\gradle-launcher-7.2.jar
Launcher Type: SUN_STANDARD

[Global flags]
     intx CICompilerCount                          = 2                                         {product} {ergonomic}
     uint ConcGCThreads                            = 1                                         {product} {ergonomic}
     uint G1ConcRefinementThreads                  = 2                                         {product} {ergonomic}
   size_t G1HeapRegionSize                         = 1048576                                   {product} {ergonomic}
    uintx GCDrainStackTargetSize                   = 64                                        {product} {ergonomic}
   size_t InitialHeapSize                          = 67108864                                  {product} {ergonomic}
   size_t MarkStackSize                            = 4194304                                   {product} {ergonomic}
   size_t MaxHeapSize                              = 2147483648                                {product} {command line}
   size_t MaxNewSize                               = 1287651328                                {product} {ergonomic}
   size_t MinHeapDeltaBytes                        = 1048576                                   {product} {ergonomic}
   size_t MinHeapSize                              = 8388608                                   {product} {ergonomic}
    uintx NonNMethodCodeHeapSize                   = 5826188                                {pd product} {ergonomic}
    uintx NonProfiledCodeHeapSize                  = 122916026                              {pd product} {ergonomic}
    uintx ProfiledCodeHeapSize                     = 122916026                              {pd product} {ergonomic}
    uintx ReservedCodeCacheSize                    = 251658240                              {pd product} {ergonomic}
     bool SegmentedCodeCache                       = true                                      {product} {ergonomic}
   size_t SoftMaxHeapSize                          = 2147483648                             {manageable} {ergonomic}
     bool UseCompressedClassPointers               = true                           {product lp64_product} {ergonomic}
     bool UseCompressedOops                        = true                           {product lp64_product} {ergonomic}
     bool UseG1GC                                  = true                                      {product} {ergonomic}
     bool UseLargePagesIndividualAllocation        = false                                  {pd product} {ergonomic}

Logging:
Log output configuration:
 #0: stdout all=warning uptime,level,tags
 #1: stderr all=off uptime,level,tags

Environment Variables:
JAVA_HOME=C:\Program Files\Java\jdk-17.0.2
PATH=C:\Program Files\Common Files\Oracle\Java\javapath;C:\Windows\system32;C:\Windows;C:\Windows\System32\Wbem;C:\Windows\System32\WindowsPowerShell\v1.0\;C:\Windows\System32\OpenSSH\;C:\Program Files\Git\cmd;C:\Users\USER\AppData\Local\Microsoft\WindowsApps;C:\Users\USER\Downloads\flutter_windows_2.10.0-stable\flutter\bin;
USERNAME=KSayyadah
OS=Windows_NT
PROCESSOR_IDENTIFIER=Intel64 Family 6 Model 23 Stepping 10, GenuineIntel



---------------  S Y S T E M  ---------------

OS:
 Windows 10 , 64 bit Build 19041 (10.0.19041.1202)
OS uptime: 2 days 19:55 hours

CPU: total 2 (initial active 2) (2 cores per cpu, 1 threads per core) family 6 model 23 stepping 10 microcode 0xa0c, cx8, cmov, fxsr, mmx, sse, sse2, sse3, ssse3, sse4.1, tsc, clflush

Memory: 4k page, system-wide physical 4083M (225M free)
TotalPageFile size 7667M (AvailPageFile size 2437M)
current process WorkingSet (physical memory assigned to process): 418M, peak: 421M
current process commit charge ("private bytes"): 450M, peak: 454M

vm_info: Java HotSpot(TM) 64-Bit Server VM (17.0.2+8-LTS-86) for windows-amd64 JRE (17.0.2+8-LTS-86), built on Dec  7 2021 21:51:03 by "mach5one" with MS VC++ 16.8 / 16.9 (VS2019)

END.
